59 51 1
68 51 1
74 51 1
75 51 1
76 51 1
77 51 2
78 51 1
79 51 1
81 51 1
82 51 1
83 51 1
85 51 2
87 51 4
89 51 2
90 51 4
91 51 2
92 51 4
93 51 2
94 51 1
95 51 4
96 51 2
97 51 4
98 51 3
99 51 2
100 51 1
101 51 1
102 51 1
103 51 2
104 51 6
105 51 2
106 51 1
107 51 6
109 51 3
110 51 3
112 51 2
113 51 1
114 51 2
115 51 1
116 51 1
117 51 4
118 51 3
119 51 2
120 51 2
121 51 1
122 51 1
124 51 6
125 51 1
126 51 2
127 51 2
128 51 2
130 51 1
131 51 2
132 51 7
134 51 4
135 51 2
136 51 3
137 51 2
138 51 1
140 51 3
141 51 2
142 51 3
143 51 3
144 51 4
145 51 5
146 51 3
147 51 2
148 51 1
149 51 1
150 51 5
151 51 5
152 51 3
153 51 2
154 51 1
155 51 5
156 51 2
157 51 3
158 51 6
159 51 2
160 51 6
161 51 3
162 51 4
163 51 2
164 51 3
165 51 5
166 51 1
167 51 4
168 51 3
169 51 3
170 51 4
171 51 3
172 51 2
173 51 1
174 51 3
175 51 4
176 51 3
177 51 1
178 51 2
179 51 3
180 51 3
181 51 2
182 51 4
183 51 4
184 51 5
185 51 1
186 51 2
187 51 2
188 51 5
189 51 3
190 51 6
191 51 3
192 51 3
193 51 2
194 51 2
195 51 1
196 51 2
197 51 2
198 51 2
199 51 1
200 51 3
201 51 3
202 51 1
203 51 1
204 51 2
205 51 2
206 51 2
207 51 2
208 51 4
209 51 1
210 51 1
211 51 4
212 51 1
213 51 2
214 51 1
215 51 4
216 51 1
217 51 2
218 51 3
219 51 2
221 51 1
222 51 4
223 51 4
224 51 1
225 51 4
226 51 1
227 51 1
228 51 4
229 51 1
230 51 4
231 51 1
232 51 3
233 51 1
234 51 3
235 51 2
237 51 5
238 51 5
239 51 1
240 51 3
241 51 3
242 51 3
243 51 6
244 51 2
245 51 1
246 51 3
247 51 1
248 51 2
250 51 1
252 51 1
254 51 2
255 51 1
256 51 2
257 51 3
258 51 4
259 51 1
261 51 1
263 51 5
264 51 4
265 51 1
266 51 3
268 51 1
269 51 2
270 51 2
271 51 1
273 51 3
274 51 1
275 51 2
276 51 4
277 51 2
279 51 2
280 51 1
281 51 3
282 51 2
284 51 1
286 51 3
288 51 1
291 51 3
292 51 1
293 51 3
294 51 1
296 51 2
297 51 2
298 51 3
299 51 3
300 51 1
301 51 2
302 51 1
307 51 3
308 51 1
312 51 1
314 51 2
316 51 6
318 51 1
320 51 4
321 51 1
323 51 1
326 51 1
328 51 1
329 51 1
330 51 2
331 51 1
332 51 2
333 51 1
334 51 1
335 51 3
337 51 4
338 51 2
339 51 1
340 51 2
345 51 3
346 51 1
348 51 1
350 51 3
352 51 1
354 51 1
355 51 2
356 51 2
359 51 1
361 51 2
362 51 1
363 51 1
364 51 1
370 51 1
371 51 3
372 51 1
374 51 1
376 51 1
379 51 1
380 51 2
381 51 1
382 51 1
383 51 1
384 51 2
385 51 1
389 51 1
392 51 1
393 51 1
395 51 1
396 51 2
400 51 1
402 51 2
403 51 3
404 51 1
405 51 3
407 51 2
408 51 2
411 51 1
412 51 1
414 51 1
416 51 1
418 51 2
421 51 1
424 51 1
425 51 1
429 51 1
431 51 2
432 51 1
434 51 1
435 51 1
441 51 1
443 51 1
445 51 1
447 51 1
448 51 1
452 51 1
456 51 1
457 51 1
460 51 2
462 51 3
463 51 1
468 51 1
469 51 1
471 51 1
474 51 2
476 51 1
477 51 1
489 51 1
495 51 1
499 51 2
500 51 2
501 51 1
506 51 1
508 51 1
513 51 1
515 51 1
517 51 2
520 51 2
522 51 2
525 51 1
530 51 1
531 51 1
532 51 1
534 51 1
536 51 1
540 51 1
546 51 1
548 51 1
549 51 1
550 51 1
551 51 1
552 51 2
557 51 1
563 51 1
569 51 2
572 51 1
577 51 1
581 51 1
584 51 1
597 51 1
598 51 1
602 51 1
604 51 1
614 51 3
615 51 1
617 51 1
618 51 1
620 51 2
624 51 1
625 51 1
627 51 1
628 51 1
629 51 1
643 51 2
646 51 1
648 51 1
650 51 1
667 51 1
671 51 1
672 51 2
678 51 1
680 51 1
685 51 1
689 51 1
692 51 1
697 51 1
699 51 1
702 51 1
704 51 1
705 51 1
707 51 1
710 51 1
713 51 1
716 51 1
718 51 1
729 51 1
730 51 1
732 51 1
739 51 1
748 51 1
751 51 1
754 51 1
771 51 1
776 51 1
784 51 1
788 51 1
793 51 1
803 51 1
804 51 1
812 51 1
817 51 2
825 51 1
839 51 1
847 51 1
854 51 1
856 51 2
858 51 1
862 51 1
869 51 1
873 51 1
899 51 1
916 51 1
928 51 1
933 51 1
948 51 1
969 51 1
973 51 2
987 51 1
988 51 1
1000 51 1
1003 51 1
1012 51 1
1018 51 1
1024 51 1
1043 51 1
1046 51 1
1058 51 1
1059 51 1
1060 51 1
1064 51 1
1086 51 1
1089 51 1
1097 51 1
1101 51 1
1104 51 1
1113 51 1
1130 51 1
1132 51 2
1150 51 1
1157 51 1
1158 51 1
1230 51 1
1276 51 1
1287 51 1
1288 51 1
1315 51 1
1337 51 1
1379 51 1
1406 51 1
1419 51 1
1455 51 1
1486 51 1
1495 51 1
1511 51 1
1532 51 1
1558 51 1
1565 51 1
1571 51 1
1583 51 1
1586 51 1
1622 51 1
1648 51 1
1651 51 1
1718 51 1
1729 51 2
1808 51 1
1816 51 1
1883 51 1
1971 51 1
2015 51 1
2058 51 1
2083 51 1
2113 51 1
2126 51 1
2128 51 1
2135 51 1
2164 51 1
2188 51 1
2197 51 1
2202 51 1
2204 51 1
2217 51 1
2325 51 1
2334 51 1
2355 51 1
2378 51 1
2444 51 1
2488 51 1
2504 51 1
2535 51 1
2591 51 1
2628 51 1
2753 51 1
2800 51 1
2830 51 1
2866 51 1
2924 51 1
2992 51 1
3024 51 1
3100 51 1
3114 51 1
3160 51 1
3506 51 1
3621 51 1
4352 51 1
4364 51 1
4877 51 1
4899 51 1
5393 51 1
10461 51 1
14641 51 1
28754 51 1
62 50 3
63 50 1
64 50 3
65 50 1
67 50 3
69 50 2
70 50 1
71 50 2
72 50 2
73 50 2
74 50 1
75 50 3
76 50 1
78 50 1
79 50 1
82 50 2
83 50 4
84 50 1
86 50 2
87 50 2
91 50 2
92 50 3
93 50 1
94 50 4
95 50 1
96 50 2
97 50 2
98 50 4
99 50 3
100 50 1
101 50 2
102 50 1
103 50 1
104 50 1
105 50 1
106 50 2
108 50 1
113 50 1
114 50 1
115 50 4
116 50 3
118 50 1
119 50 2
121 50 1
122 50 1
123 50 1
124 50 2
126 50 3
127 50 1
128 50 2
129 50 2
130 50 3
131 50 2
132 50 2
133 50 2
137 50 1
138 50 1
139 50 1
140 50 1
141 50 1
142 50 2
146 50 5
147 50 4
148 50 1
149 50 2
152 50 2
153 50 1
156 50 1
157 50 1
159 50 2
160 50 1
163 50 1
164 50 2
165 50 1
167 50 4
169 50 2
170 50 4
171 50 1
172 50 1
173 50 1
174 50 2
176 50 4
177 50 2
179 50 1
180 50 2
181 50 1
182 50 1
183 50 3
184 50 1
185 50 1
186 50 3
187 50 2
188 50 1
189 50 2
190 50 3
191 50 1
192 50 1
195 50 3
197 50 2
198 50 3
200 50 2
201 50 1
202 50 1
205 50 1
206 50 2
207 50 1
208 50 2
211 50 2
212 50 2
213 50 1
215 50 2
216 50 1
217 50 3
218 50 1
220 50 3
221 50 1
222 50 2
223 50 1
226 50 1
227 50 2
228 50 1
229 50 1
231 50 1
232 50 2
236 50 2
238 50 2
239 50 1
240 50 2
245 50 2
246 50 1
247 50 1
249 50 1
250 50 1
251 50 2
252 50 1
254 50 1
255 50 1
256 50 2
257 50 2
258 50 2
259 50 1
260 50 1
264 50 1
266 50 2
270 50 1
271 50 1
272 50 1
273 50 1
274 50 1
276 50 2
278 50 1
279 50 1
280 50 2
281 50 1
282 50 1
283 50 2
290 50 1
292 50 1
293 50 1
294 50 1
295 50 1
297 50 3
299 50 1
300 50 1
302 50 1
303 50 1
304 50 1
305 50 1
306 50 1
308 50 1
309 50 1
311 50 1
313 50 1
316 50 1
319 50 1
324 50 1
330 50 2
333 50 1
336 50 1
337 50 1
342 50 1
345 50 2
347 50 2
349 50 1
350 50 1
351 50 2
360 50 1
361 50 1
362 50 1
366 50 1
368 50 1
371 50 2
372 50 2
374 50 1
375 50 1
376 50 1
379 50 2
381 50 2
384 50 1
386 50 1
390 50 1
407 50 1
410 50 1
422 50 1
423 50 1
430 50 1
431 50 2
438 50 1
441 50 1
446 50 1
449 50 1
453 50 1
456 50 1
459 50 1
462 50 2
463 50 2
468 50 1
470 50 1
478 50 1
483 50 1
484 50 1
488 50 1
490 50 2
499 50 2
500 50 4
501 50 1
502 50 1
503 50 2
504 50 1
512 50 1
515 50 1
538 50 1
542 50 1
545 50 1
546 50 1
552 50 2
563 50 1
568 50 1
571 50 1
573 50 1
583 50 1
584 50 1
585 50 1
588 50 1
595 50 1
602 50 1
605 50 1
607 50 1
626 50 1
634 50 1
636 50 1
654 50 1
659 50 1
660 50 2
661 50 1
662 50 1
663 50 1
668 50 1
674 50 1
688 50 1
689 50 1
690 50 1
706 50 1
715 50 1
721 50 1
725 50 1
726 50 1
731 50 1
732 50 1
743 50 1
748 50 2
751 50 1
754 50 1
755 50 1
781 50 1
784 50 1
790 50 1
795 50 1
804 50 1
808 50 1
819 50 1
820 50 1
833 50 1
834 50 1
845 50 1
848 50 1
850 50 1
853 50 1
855 50 1
866 50 1
870 50 1
872 50 1
877 50 1
883 50 1
897 50 1
924 50 1
925 50 1
928 50 1
953 50 1
957 50 1
964 50 1
971 50 1
972 50 2
981 50 1
990 50 1
1004 50 1
1008 50 2
1019 50 1
1023 50 1
1040 50 1
1045 50 1
1061 50 1
1079 50 1
1098 50 1
1107 50 1
1116 50 1
1163 50 1
1178 50 1
1198 50 1
1208 50 1
1212 50 1
1229 50 1
1251 50 1
1254 50 1
1278 50 1
1282 50 1
1283 50 1
1297 50 1
1341 50 1
1350 50 1
1369 50 1
1392 50 1
1407 50 1
1421 50 1
1442 50 1
1478 50 1
1533 50 1
1588 50 1
1666 50 1
1729 50 1
1730 50 1
1761 50 1
1815 50 1
1869 50 1
1951 50 1
1959 50 1
1965 50 1
1992 50 1
2020 50 1
2077 50 1
2094 50 1
2100 50 1
2161 50 1
2211 50 1
2252 50 1
2400 50 1
2464 50 1
2634 50 1
2720 50 1
2742 50 1
2799 50 1
2818 50 1
2866 50 1
2956 50 1
3035 50 1
3394 50 1
3707 50 1
4217 50 1
4253 50 1
6102 50 1
7917 50 1
8843 50 1
9762 50 1
56 49 2
57 49 1
61 49 1
62 49 2
68 49 1
73 49 2
77 49 1
78 49 1
79 49 2
81 49 3
85 49 1
87 49 1
91 49 1
94 49 2
96 49 1
97 49 1
98 49 1
101 49 1
104 49 1
105 49 1
108 49 2
115 49 1
116 49 1
117 49 2
118 49 1
120 49 1
121 49 1
126 49 1
128 49 1
129 49 1
131 49 1
132 49 1
134 49 1
150 49 1
151 49 3
157 49 1
160 49 1
167 49 1
175 49 1
181 49 1
185 49 1
191 49 1
195 49 1
202 49 1
204 49 1
208 49 1
209 49 1
217 49 1
239 49 2
288 49 1
318 49 1
319 49 1
327 49 1
353 49 1
356 49 1
364 49 1
403 49 2
416 49 1
423 49 1
446 49 1
514 49 1
521 49 1
553 49 1
614 49 1
719 49 1
1000 49 1
2837 49 1
52 48 1
54 48 1
57 48 2
58 48 2
59 48 1
60 48 1
61 48 2
62 48 4
63 48 2
64 48 1
67 48 4
68 48 4
70 48 1
71 48 1
73 48 1
74 48 2
75 48 2
77 48 1
78 48 2
79 48 2
81 48 3
82 48 2
84 48 1
85 48 1
86 48 1
87 48 2
89 48 4
91 48 1
92 48 3
94 48 2
95 48 1
96 48 1
97 48 1
99 48 2
100 48 2
101 48 2
102 48 3
103 48 1
104 48 3
105 48 1
106 48 1
107 48 1
108 48 1
110 48 1
111 48 1
112 48 1
113 48 2
114 48 3
118 48 3
120 48 2
121 48 1
123 48 1
126 48 1
127 48 1
132 48 1
133 48 1
134 48 1
135 48 1
136 48 2
137 48 2
138 48 1
140 48 1
141 48 1
142 48 1
143 48 3
144 48 2
145 48 2
146 48 1
147 48 2
148 48 2
149 48 1
151 48 1
154 48 1
156 48 3
158 48 1
159 48 1
160 48 1
161 48 1
163 48 1
166 48 1
167 48 1
168 48 1
169 48 4
172 48 1
175 48 1
178 48 2
180 48 1
181 48 1
182 48 1
183 48 1
184 48 1
186 48 1
187 48 2
189 48 2
194 48 2
195 48 1
196 48 1
197 48 1
200 48 1
203 48 1
204 48 1
206 48 2
209 48 1
211 48 2
212 48 2
213 48 1
216 48 1
220 48 2
221 48 2
226 48 1
232 48 1
233 48 1
235 48 1
237 48 1
238 48 1
249 48 1
250 48 1
251 48 1
254 48 1
255 48 1
257 48 2
259 48 2
263 48 2
266 48 1
267 48 1
270 48 1
272 48 1
274 48 1
282 48 1
287 48 1
290 48 1
292 48 1
297 48 1
298 48 2
299 48 1
302 48 1
303 48 1
306 48 3
307 48 1
308 48 1
309 48 1
311 48 1
312 48 1
315 48 1
319 48 1
336 48 1
340 48 1
344 48 2
347 48 1
352 48 1
353 48 1
355 48 1
356 48 1
385 48 1
393 48 1
400 48 1
411 48 1
424 48 1
429 48 1
437 48 1
438 48 1
445 48 1
450 48 1
453 48 1
470 48 1
472 48 1
476 48 1
503 48 1
511 48 1
537 48 1
541 48 1
546 48 1
601 48 1
618 48 1
673 48 1
720 48 1
749 48 1
764 48 1
794 48 1
874 48 1
887 48 1
1022 48 1
1095 48 1
1258 48 1
1480 48 1
1762 48 1
2199 48 1
4044 48 1
4422 48 1
49 47 1
54 47 1
55 47 1
56 47 1
57 47 2
59 47 3
60 47 2
61 47 2
62 47 1
63 47 3
64 47 3
65 47 2
66 47 2
68 47 1
70 47 1
71 47 2
73 47 1
74 47 2
75 47 1
77 47 1
79 47 1
80 47 2
81 47 1
82 47 3
85 47 1
87 47 1
89 47 1
90 47 1
91 47 1
92 47 3
93 47 2
94 47 3
98 47 1
100 47 1
101 47 2
103 47 1
104 47 1
105 47 3
107 47 1
108 47 2
109 47 1
112 47 1
113 47 2
114 47 1
115 47 3
116 47 2
117 47 4
118 47 4
121 47 1
123 47 1
124 47 1
125 47 2
127 47 1
128 47 1
130 47 2
131 47 3
132 47 1
133 47 1
134 47 1
135 47 1
137 47 1
138 47 1
141 47 2
142 47 2
145 47 2
146 47 1
147 47 1
148 47 4
149 47 1
150 47 1
151 47 1
152 47 1
153 47 1
154 47 1
156 47 1
158 47 2
159 47 1
162 47 2
163 47 2
164 47 1
165 47 1
166 47 2
167 47 1
168 47 2
170 47 1
171 47 1
172 47 3
173 47 2
175 47 1
176 47 2
177 47 1
178 47 3
179 47 1
181 47 1
182 47 1
183 47 2
184 47 2
185 47 2
186 47 2
188 47 1
189 47 2
190 47 1
191 47 1
192 47 1
193 47 3
194 47 4
195 47 1
196 47 2
197 47 2
198 47 1
201 47 1
202 47 1
207 47 2
208 47 1
211 47 3
215 47 1
218 47 1
220 47 1
222 47 1
224 47 2
225 47 2
226 47 2
228 47 1
231 47 2
235 47 1
239 47 2
245 47 2
246 47 1
247 47 1
250 47 3
251 47 1
252 47 1
253 47 1
254 47 1
257 47 1
258 47 1
260 47 1
261 47 1
262 47 2
263 47 2
265 47 1
266 47 1
267 47 1
268 47 2
270 47 2
271 47 1
273 47 1
274 47 1
276 47 2
278 47 1
279 47 2
280 47 1
281 47 1
283 47 2
284 47 1
286 47 1
290 47 1
292 47 1
297 47 1
298 47 1
302 47 1
305 47 1
310 47 1
311 47 1
312 47 2
313 47 1
322 47 1
323 47 1
325 47 1
326 47 1
327 47 1
328 47 1
332 47 1
334 47 1
337 47 2
339 47 1
344 47 1
347 47 1
352 47 1
355 47 1
358 47 1
362 47 1
363 47 1
375 47 1
378 47 1
393 47 1
406 47 1
412 47 2
420 47 1
427 47 1
431 47 1
435 47 1
443 47 1
447 47 1
448 47 2
449 47 1
457 47 1
463 47 1
473 47 2
494 47 2
508 47 1
514 47 1
540 47 1
550 47 1
568 47 1
575 47 1
596 47 1
633 47 1
684 47 1
747 47 1
749 47 1
760 47 1
821 47 1
1103 47 1
1144 47 1
1333 47 1
1365 47 1
1486 47 1
1491 47 1
1853 47 1
51 46 1
52 46 1
53 46 1
54 46 2
55 46 3
56 46 2
57 46 3
58 46 3
60 46 2
61 46 1
62 46 2
63 46 1
64 46 3
66 46 2
67 46 1
68 46 3
70 46 3
71 46 2
72 46 2
73 46 1
74 46 4
75 46 4
76 46 2
77 46 2
79 46 1
80 46 6
81 46 2
82 46 4
84 46 1
86 46 1
87 46 1
88 46 2
89 46 2
90 46 1
93 46 1
94 46 1
96 46 1
99 46 1
100 46 2
102 46 1
103 46 2
104 46 2
105 46 1
107 46 2
108 46 3
109 46 2
110 46 2
111 46 2
112 46 2
113 46 1
114 46 2
115 46 2
116 46 2
117 46 1
118 46 1
120 46 4
121 46 1
122 46 2
123 46 1
124 46 3
125 46 2
126 46 1
127 46 1
129 46 2
131 46 1
132 46 1
135 46 2
138 46 1
139 46 3
140 46 4
143 46 1
145 46 3
146 46 1
147 46 1
148 46 1
149 46 3
151 46 3
154 46 1
158 46 1
160 46 2
161 46 1
163 46 1
164 46 1
165 46 1
168 46 2
169 46 1
171 46 1
172 46 1
173 46 1
174 46 1
175 46 1
176 46 1
177 46 2
180 46 1
182 46 1
183 46 1
184 46 1
186 46 1
188 46 1
191 46 2
193 46 1
195 46 1
196 46 1
199 46 1
203 46 1
207 46 1
208 46 2
211 46 1
216 46 2
218 46 2
221 46 1
229 46 1
234 46 1
235 46 1
236 46 1
237 46 1
241 46 1
243 46 1
244 46 1
251 46 1
254 46 4
257 46 1
258 46 1
262 46 1
263 46 2
264 46 1
268 46 1
278 46 1
279 46 1
283 46 1
287 46 1
291 46 1
304 46 1
306 46 1
310 46 1
312 46 1
314 46 1
315 46 2
318 46 1
321 46 1
326 46 1
341 46 1
348 46 1
349 46 1
352 46 1
353 46 1
368 46 1
378 46 1
379 46 1
383 46 1
390 46 1
400 46 1
419 46 1
420 46 2
425 46 1
440 46 1
445 46 1
446 46 1
450 46 1
453 46 1
461 46 1
474 46 1
516 46 1
535 46 1
552 46 1
553 46 1
602 46 1
640 46 1
781 46 1
841 46 1
871 46 1
953 46 1
1058 46 1
1085 46 1
1152 46 1
1427 46 1
1707 46 1
1771 46 1
1898 46 1
1903 46 1
2088 46 1
48 45 2
51 45 1
52 45 4
53 45 2
55 45 1
56 45 2
58 45 1
59 45 5
60 45 1
61 45 1
62 45 2
63 45 2
64 45 2
65 45 4
66 45 1
69 45 2
70 45 1
72 45 1
73 45 1
74 45 1
75 45 1
76 45 2
77 45 1
78 45 1
80 45 1
81 45 1
82 45 2
83 45 1
87 45 3
88 45 1
89 45 1
90 45 1
91 45 2
93 45 1
94 45 1
96 45 4
97 45 1
98 45 1
99 45 2
100 45 1
101 45 2
102 45 1
103 45 2
105 45 2
106 45 2
107 45 1
108 45 1
109 45 1
110 45 1
111 45 1
113 45 1
114 45 1
120 45 2
121 45 1
122 45 2
124 45 2
125 45 1
126 45 2
127 45 2
128 45 1
129 45 3
131 45 1
134 45 1
135 45 1
136 45 1
138 45 1
139 45 1
141 45 4
142 45 2
143 45 2
144 45 1
146 45 1
147 45 1
150 45 1
153 45 3
154 45 1
158 45 1
159 45 2
160 45 4
161 45 1
162 45 1
163 45 1
164 45 1
166 45 2
168 45 1
172 45 1
175 45 1
181 45 2
183 45 1
188 45 1
191 45 1
194 45 1
199 45 2
200 45 2
207 45 1
208 45 1
209 45 1
213 45 1
217 45 1
219 45 1
223 45 2
227 45 1
228 45 2
235 45 1
241 45 1
243 45 1
251 45 1
265 45 1
266 45 1
267 45 1
285 45 1
298 45 1
309 45 1
311 45 1
335 45 1
357 45 1
359 45 1
360 45 1
365 45 1
383 45 1
390 45 1
393 45 1
432 45 1
465 45 1
611 45 1
626 45 1
656 45 1
659 45 1
1815 45 1
1823 45 1
47 44 1
48 44 2
49 44 2
50 44 3
51 44 3
54 44 1
55 44 2
56 44 4
57 44 1
58 44 4
59 44 2
60 44 1
61 44 3
64 44 2
65 44 1
68 44 1
69 44 2
72 44 2
74 44 1
75 44 1
76 44 2
78 44 2
79 44 4
80 44 3
81 44 2
82 44 3
83 44 3
85 44 6
88 44 3
90 44 1
91 44 1
93 44 2
94 44 1
95 44 2
96 44 1
97 44 2
98 44 1
100 44 2
101 44 1
103 44 1
104 44 2
105 44 2
106 44 1
109 44 2
111 44 4
113 44 1
114 44 2
115 44 1
117 44 6
118 44 1
120 44 2
121 44 3
124 44 2
125 44 1
128 44 1
129 44 1
130 44 2
131 44 1
132 44 1
133 44 1
135 44 1
136 44 1
137 44 2
138 44 2
139 44 1
141 44 1
142 44 2
146 44 3
147 44 1
150 44 1
154 44 1
156 44 1
159 44 1
161 44 1
163 44 2
167 44 2
170 44 1
172 44 1
173 44 1
176 44 1
177 44 1
178 44 1
180 44 1
181 44 1
183 44 1
185 44 1
188 44 1
193 44 2
195 44 1
196 44 1
197 44 1
203 44 1
207 44 1
208 44 1
210 44 1
218 44 2
220 44 1
224 44 1
226 44 1
231 44 1
232 44 1
238 44 1
239 44 1
240 44 1
253 44 1
256 44 1
258 44 1
259 44 1
261 44 1
263 44 1
264 44 1
267 44 1
272 44 1
302 44 1
309 44 1
323 44 1
399 44 1
403 44 1
438 44 1
455 44 1
462 44 1
465 44 1
484 44 1
571 44 1
756 44 1
889 44 1
996 44 1
1321 44 1
44 43 1
45 43 1
46 43 1
47 43 3
48 43 4
49 43 2
50 43 6
51 43 4
52 43 1
53 43 1
54 43 3
56 43 4
57 43 5
58 43 3
59 43 2
60 43 2
61 43 1
62 43 3
63 43 2
64 43 4
65 43 3
67 43 3
68 43 1
70 43 4
71 43 3
72 43 3
73 43 2
74 43 2
75 43 3
76 43 1
77 43 1
78 43 1
79 43 1
80 43 2
83 43 3
84 43 1
85 43 2
87 43 1
89 43 4
90 43 1
93 43 1
94 43 4
95 43 2
97 43 3
98 43 1
99 43 1
101 43 1
102 43 2
103 43 3
104 43 4
105 43 2
106 43 3
107 43 2
108 43 1
109 43 1
110 43 2
112 43 2
113 43 2
114 43 1
115 43 3
117 43 4
121 43 1
122 43 1
123 43 1
126 43 1
129 43 2
132 43 1
133 43 3
134 43 2
135 43 2
136 43 2
137 43 1
138 43 2
139 43 2
141 43 3
142 43 1
143 43 3
144 43 1
145 43 2
146 43 2
147 43 2
148 43 1
149 43 1
150 43 1
152 43 2
157 43 1
158 43 2
162 43 1
163 43 1
164 43 1
165 43 1
166 43 1
170 43 1
173 43 1
176 43 2
177 43 2
184 43 1
189 43 1
190 43 3
192 43 2
193 43 2
199 43 1
200 43 1
201 43 1
203 43 1
210 43 1
212 43 1
214 43 2
216 43 1
218 43 1
220 43 2
221 43 1
222 43 1
224 43 1
230 43 1
231 43 1
245 43 2
261 43 1
263 43 1
266 43 1
279 43 1
292 43 2
298 43 1
300 43 1
301 43 1
312 43 1
314 43 1
322 43 1
333 43 1
344 43 1
346 43 1
352 43 1
362 43 1
367 43 1
401 43 1
403 43 1
421 43 1
430 43 1
442 43 1
455 43 1
460 43 1
480 43 1
518 43 1
658 43 1
1007 43 1
1582 43 1
45 42 1
46 42 2
47 42 2
48 42 3
49 42 2
50 42 1
51 42 4
53 42 4
55 42 1
56 42 1
57 42 4
58 42 3
59 42 1
60 42 1
61 42 3
62 42 3
63 42 6
64 42 3
65 42 2
66 42 1
68 42 2
70 42 4
71 42 1
72 42 1
73 42 1
74 42 1
75 42 1
77 42 1
80 42 2
81 42 1
83 42 2
84 42 1
85 42 5
86 42 2
87 42 3
88 42 1
89 42 3
90 42 3
91 42 3
92 42 8
93 42 2
94 42 1
95 42 4
96 42 2
97 42 1
99 42 3
100 42 6
101 42 2
103 42 4
104 42 1
105 42 3
106 42 3
107 42 1
108 42 1
109 42 4
110 42 2
112 42 5
113 42 2
114 42 3
115 42 1
116 42 2
118 42 3
120 42 2
122 42 1
123 42 3
124 42 3
125 42 1
127 42 1
128 42 1
129 42 1
130 42 2
131 42 2
132 42 1
133 42 2
134 42 1
135 42 2
136 42 4
139 42 1
145 42 2
146 42 1
148 42 1
149 42 1
150 42 1
151 42 2
152 42 1
153 42 1
154 42 2
159 42 2
160 42 1
162 42 2
163 42 1
164 42 1
166 42 1
167 42 2
171 42 2
172 42 1
174 42 1
175 42 1
176 42 1
178 42 1
179 42 1
180 42 1
187 42 1
188 42 3
190 42 2
191 42 1
193 42 2
195 42 1
196 42 2
198 42 1
204 42 1
209 42 2
215 42 1
217 42 1
219 42 1
220 42 1
222 42 1
224 42 2
225 42 1
232 42 1
241 42 1
243 42 1
247 42 1
250 42 1
252 42 1
264 42 1
270 42 2
271 42 1
272 42 1
285 42 1
286 42 1
291 42 1
294 42 1
295 42 1
297 42 1
300 42 1
318 42 1
327 42 1
340 42 1
359 42 1
360 42 1
405 42 1
440 42 1
441 42 1
453 42 1
486 42 1
516 42 1
563 42 1
685 42 1
730 42 1
926 42 1
42 41 1
43 41 1
44 41 2
45 41 1
46 41 6
47 41 4
48 41 3
49 41 3
50 41 2
51 41 3
52 41 2
53 41 1
54 41 2
55 41 2
56 41 2
57 41 3
58 41 3
59 41 2
60 41 1
61 41 3
62 41 1
63 41 3
64 41 2
65 41 2
66 41 8
67 41 1
68 41 3
69 41 2
71 41 2
72 41 2
73 41 2
74 41 1
75 41 3
76 41 1
77 41 2
78 41 3
79 41 2
80 41 3
81 41 1
82 41 3
83 41 6
84 41 2
85 41 1
86 41 7
87 41 1
88 41 3
90 41 3
91 41 3
92 41 5
94 41 2
95 41 1
97 41 1
98 41 3
99 41 2
100 41 2
101 41 3
103 41 1
106 41 1
107 41 2
108 41 3
109 41 2
110 41 1
111 41 2
112 41 2
113 41 4
114 41 1
115 41 2
116 41 2
118 41 1
119 41 2
121 41 1
122 41 2
123 41 3
124 41 2
125 41 1
127 41 1
129 41 2
130 41 1
131 41 3
132 41 2
134 41 2
136 41 1
137 41 4
139 41 1
140 41 1
142 41 1
144 41 1
145 41 1
146 41 2
147 41 1
148 41 2
149 41 2
151 41 1
152 41 1
155 41 1
160 41 1
161 41 1
162 41 1
166 41 1
168 41 1
169 41 1
172 41 1
176 41 1
177 41 2
178 41 1
186 41 1
189 41 1
199 41 2
200 41 1
205 41 1
208 41 1
211 41 1
212 41 1
220 41 1
224 41 2
226 41 2
227 41 1
234 41 1
237 41 1
238 41 1
252 41 1
257 41 1
265 41 1
293 41 1
295 41 1
296 41 1
298 41 1
307 41 1
328 41 1
366 41 1
369 41 1
374 41 1
395 41 1
411 41 1
448 41 1
504 41 1
523 41 1
538 41 1
596 41 1
709 41 1
717 41 1
824 41 1
1131 41 1
1183 41 1
2374 41 1
43 40 5
45 40 6
46 40 2
47 40 5
48 40 4
49 40 2
50 40 4
51 40 5
52 40 2
53 40 5
54 40 2
55 40 1
56 40 2
57 40 8
58 40 2
59 40 4
60 40 9
61 40 3
62 40 2
63 40 2
65 40 2
67 40 3
68 40 2
69 40 3
70 40 5
71 40 3
72 40 2
74 40 2
75 40 1
76 40 2
77 40 5
78 40 3
79 40 4
80 40 3
81 40 2
82 40 4
83 40 2
84 40 3
86 40 3
87 40 1
88 40 3
89 40 2
90 40 3
92 40 2
94 40 2
95 40 1
96 40 3
97 40 1
98 40 2
99 40 3
100 40 3
101 40 2
102 40 2
103 40 2
104 40 3
105 40 2
106 40 2
107 40 1
108 40 1
109 40 1
110 40 4
111 40 2
113 40 2
114 40 2
115 40 2
117 40 1
118 40 3
120 40 3
121 40 1
122 40 3
123 40 1
124 40 2
125 40 4
126 40 4
127 40 1
130 40 3
132 40 1
133 40 1
134 40 1
135 40 1
138 40 1
139 40 4
140 40 2
141 40 2
145 40 1
148 40 1
150 40 2
153 40 2
155 40 1
156 40 3
158 40 1
161 40 3
162 40 1
164 40 1
170 40 1
172 40 1
174 40 1
176 40 1
181 40 1
185 40 1
186 40 1
194 40 1
196 40 1
197 40 2
199 40 1
202 40 1
203 40 1
206 40 1
208 40 1
218 40 1
219 40 1
220 40 1
221 40 1
223 40 1
226 40 1
229 40 1
230 40 1
241 40 1
247 40 1
251 40 1
254 40 1
272 40 1
279 40 1
280 40 1
306 40 1
307 40 1
321 40 1
327 40 1
329 40 1
340 40 1
454 40 1
465 40 1
473 40 1
514 40 1
716 40 1
1013 40 1
1033 40 1
40 39 2
41 39 7
42 39 4
43 39 2
44 39 1
45 39 3
46 39 4
47 39 2
48 39 3
49 39 1
50 39 4
51 39 5
53 39 3
54 39 1
55 39 6
57 39 1
58 39 2
59 39 2
60 39 2
61 39 2
63 39 1
64 39 4
65 39 1
66 39 3
68 39 1
69 39 3
70 39 4
73 39 3
74 39 2
75 39 4
76 39 1
77 39 2
78 39 1
79 39 3
80 39 4
82 39 1
83 39 3
84 39 2
85 39 1
86 39 1
87 39 2
88 39 4
89 39 2
91 39 1
92 39 2
93 39 1
94 39 3
95 39 1
96 39 1
97 39 1
98 39 1
99 39 1
100 39 2
102 39 1
103 39 1
104 39 5
105 39 3
106 39 1
110 39 2
111 39 1
112 39 3
113 39 1
114 39 2
118 39 1
121 39 3
122 39 1
124 39 1
127 39 1
128 39 1
129 39 1
132 39 1
134 39 4
135 39 1
136 39 1
138 39 1
139 39 1
141 39 2
144 39 2
145 39 4
147 39 1
149 39 2
152 39 2
153 39 1
154 39 2
155 39 1
156 39 1
159 39 1
160 39 1
162 39 1
166 39 1
169 39 1
171 39 2
177 39 2
182 39 1
186 39 1
187 39 2
190 39 1
197 39 2
202 39 1
204 39 1
207 39 2
211 39 1
215 39 1
230 39 1
233 39 1
236 39 1
241 39 1
251 39 1
257 39 1
285 39 1
299 39 1
307 39 1
361 39 1
377 39 1
449 39 1
494 39 1
508 39 1
542 39 1
751 39 1
1841 39 1
1884 39 1
38 38 1
39 38 2
40 38 4
41 38 4
42 38 5
43 38 4
44 38 4
45 38 1
46 38 1
47 38 3
48 38 3
49 38 6
50 38 7
51 38 4
52 38 2
53 38 4
54 38 5
55 38 3
56 38 3
57 38 5
58 38 2
59 38 3
60 38 3
61 38 2
62 38 3
63 38 1
64 38 2
65 38 3
66 38 4
67 38 3
68 38 6
69 38 2
70 38 4
71 38 3
72 38 3
73 38 3
74 38 2
75 38 1
76 38 5
77 38 4
78 38 1
79 38 2
80 38 1
81 38 5
83 38 3
84 38 1
85 38 2
86 38 1
88 38 4
89 38 1
90 38 1
91 38 4
93 38 3
94 38 6
95 38 2
96 38 2
98 38 1
99 38 2
100 38 2
101 38 2
103 38 1
104 38 2
106 38 2
107 38 2
109 38 2
110 38 3
111 38 3
112 38 2
113 38 1
115 38 2
116 38 2
117 38 1
118 38 1
119 38 1
120 38 1
121 38 2
122 38 1
123 38 1
124 38 1
125 38 1
126 38 1
128 38 2
129 38 3
133 38 1
137 38 1
138 38 1
139 38 1
141 38 2
142 38 2
143 38 1
144 38 2
149 38 1
151 38 1
154 38 1
155 38 1
159 38 1
166 38 1
170 38 1
171 38 1
173 38 1
174 38 1
179 38 2
182 38 1
183 38 1
184 38 1
185 38 1
199 38 1
212 38 1
223 38 1
227 38 1
230 38 1
231 38 1
241 38 1
242 38 1
264 38 1
309 38 1
335 38 1
347 38 1
365 38 1
373 38 1
415 38 1
485 38 1
505 38 1
555 38 1
633 38 1
864 38 1
1310 38 1
38 37 2
39 37 5
40 37 2
41 37 4
42 37 4
43 37 1
44 37 3
45 37 2
46 37 2
47 37 6
48 37 3
49 37 4
50 37 4
51 37 4
52 37 4
53 37 3
54 37 6
55 37 2
56 37 3
57 37 6
58 37 6
59 37 4
60 37 3
61 37 4
62 37 5
63 37 3
64 37 3
65 37 4
66 37 5
67 37 5
68 37 2
69 37 3
70 37 3
71 37 2
72 37 3
73 37 6
74 37 5
75 37 2
76 37 3
77 37 3
78 37 3
79 37 4
80 37 4
81 37 3
82 37 5
83 37 2
84 37 5
86 37 4
87 37 1
88 37 3
89 37 5
90 37 1
91 37 1
92 37 2
93 37 1
94 37 3
95 37 3
96 37 1
97 37 6
98 37 2
99 37 1
100 37 3
101 37 4
102 37 4
103 37 3
104 37 2
105 37 3
106 37 2
108 37 1
111 37 4
112 37 2
113 37 2
114 37 3
116 37 2
117 37 3
118 37 1
119 37 1
120 37 4
123 37 1
124 37 2
128 37 1
129 37 3
130 37 1
132 37 1
133 37 1
134 37 3
137 37 1
138 37 1
139 37 2
141 37 1
143 37 1
144 37 2
153 37 1
154 37 1
155 37 1
156 37 1
158 37 1
162 37 1
170 37 2
175 37 1
178 37 1
179 37 1
181 37 1
184 37 1
188 37 1
194 37 1
202 37 1
207 37 1
222 37 1
255 37 1
275 37 1
288 37 1
307 37 1
317 37 1
325 37 1
372 37 1
375 37 1
419 37 1
453 37 1
682 37 1
1239 37 1
2263 37 1
37 36 4
38 36 1
39 36 4
40 36 2
41 36 6
42 36 5
43 36 3
44 36 2
45 36 8
46 36 5
47 36 7
48 36 4
49 36 1
50 36 5
51 36 5
52 36 4
53 36 5
55 36 7
56 36 4
57 36 4
58 36 5
59 36 3
60 36 2
61 36 4
62 36 9
63 36 4
64 36 6
65 36 5
66 36 2
67 36 5
68 36 4
69 36 8
70 36 10
71 36 10
72 36 2
73 36 8
74 36 1
75 36 4
76 36 3
77 36 9
78 36 7
79 36 3
80 36 7
81 36 5
82 36 7
83 36 3
84 36 7
85 36 2
86 36 5
87 36 3
88 36 3
89 36 4
90 36 4
91 36 3
92 36 6
93 36 5
94 36 4
95 36 5
96 36 5
97 36 5
98 36 6
99 36 6
100 36 10
101 36 6
102 36 4
103 36 7
104 36 3
105 36 5
106 36 3
107 36 4
108 36 4
109 36 2
110 36 4
111 36 1
112 36 6
113 36 2
114 36 1
115 36 4
116 36 1
117 36 3
118 36 2
119 36 4
120 36 5
121 36 5
122 36 3
123 36 4
124 36 4
125 36 2
126 36 2
127 36 3
128 36 3
129 36 3
130 36 3
131 36 1
133 36 2
134 36 3
135 36 3
136 36 3
137 36 2
138 36 1
139 36 1
140 36 7
141 36 4
142 36 1
143 36 2
144 36 4
145 36 4
146 36 2
147 36 3
148 36 3
149 36 2
150 36 1
151 36 3
152 36 5
153 36 3
154 36 5
155 36 1
157 36 1
158 36 1
159 36 3
160 36 3
161 36 3
162 36 4
164 36 3
165 36 3
166 36 3
167 36 2
168 36 4
169 36 2
170 36 2
171 36 5
172 36 5
173 36 1
174 36 3
175 36 2
176 36 2
177 36 3
178 36 1
179 36 5
180 36 2
181 36 3
182 36 2
183 36 1
184 36 3
185 36 2
186 36 5
187 36 1
189 36 2
190 36 2
191 36 3
193 36 1
194 36 2
196 36 3
197 36 1
198 36 2
199 36 2
201 36 2
202 36 5
203 36 3
204 36 1
205 36 2
206 36 2
209 36 5
212 36 3
215 36 2
217 36 3
218 36 3
219 36 4
220 36 1
221 36 4
222 36 2
223 36 2
225 36 1
228 36 1
229 36 1
230 36 2
231 36 1
233 36 1
235 36 3
237 36 1
239 36 2
240 36 2
241 36 2
242 36 2
243 36 2
244 36 1
246 36 2
248 36 1
249 36 1
251 36 1
252 36 5
255 36 1
256 36 2
258 36 4
259 36 2
261 36 2
263 36 2
265 36 1
266 36 2
267 36 3
268 36 1
269 36 1
270 36 2
271 36 1
273 36 3
274 36 2
275 36 3
276 36 1
277 36 1
280 36 1
282 36 1
283 36 1
284 36 1
285 36 1
287 36 4
290 36 5
291 36 1
294 36 1
295 36 2
296 36 2
298 36 1
301 36 1
303 36 1
305 36 3
308 36 1
309 36 2
310 36 3
311 36 2
312 36 1
313 36 1
316 36 1
318 36 2
319 36 1
320 36 2
321 36 2
324 36 2
327 36 3
328 36 1
331 36 1
334 36 1
340 36 2
341 36 1
342 36 1
344 36 2
347 36 1
352 36 2
353 36 2
355 36 1
358 36 1
360 36 1
362 36 1
368 36 1
369 36 1
370 36 1
373 36 2
374 36 2
378 36 1
381 36 1
382 36 1
385 36 1
387 36 2
388 36 1
390 36 1
394 36 1
395 36 1
399 36 1
401 36 1
402 36 1
403 36 1
405 36 1
409 36 1
413 36 1
417 36 1
424 36 1
427 36 1
431 36 1
433 36 1
434 36 2
437 36 1
438 36 2
439 36 1
442 36 1
446 36 2
455 36 1
458 36 2
461 36 1
463 36 2
468 36 1
472 36 1
473 36 1
477 36 1
478 36 1
480 36 1
486 36 1
491 36 1
492 36 1
493 36 1
506 36 1
524 36 2
525 36 1
526 36 1
528 36 1
530 36 1
536 36 1
539 36 1
545 36 1
547 36 1
557 36 1
558 36 1
567 36 1
573 36 1
574 36 1
577 36 1
582 36 1
586 36 1
588 36 1
601 36 1
618 36 1
634 36 1
643 36 1
644 36 1
668 36 1
676 36 1
681 36 1
707 36 1
721 36 1
725 36 1
753 36 1
755 36 1
761 36 1
766 36 1
778 36 1
794 36 2
836 36 1
892 36 1
922 36 1
1015 36 1
1037 36 1
1064 36 1
1161 36 1
1172 36 1
1174 36 1
1246 36 1
1406 36 1
1459 36 1
2380 36 1
35 35 1
36 35 3
37 35 7
38 35 5
39 35 7
40 35 7
41 35 6
42 35 4
43 35 7
44 35 5
45 35 4
46 35 8
47 35 7
48 35 7
49 35 3
50 35 9
51 35 3
52 35 5
53 35 10
54 35 6
55 35 3
56 35 8
57 35 4
58 35 6
59 35 3
60 35 8
61 35 13
62 35 9
63 35 5
64 35 6
65 35 12
66 35 10
67 35 7
68 35 9
69 35 11
70 35 6
71 35 7
72 35 7
73 35 9
74 35 8
75 35 7
76 35 5
77 35 6
78 35 6
79 35 10
80 35 6
81 35 2
82 35 3
83 35 13
84 35 7
85 35 5
86 35 8
87 35 3
88 35 7
89 35 3
90 35 6
91 35 2
92 35 7
93 35 9
94 35 5
95 35 11
96 35 6
97 35 5
98 35 6
99 35 5
100 35 3
101 35 4
102 35 7
103 35 2
104 35 1
105 35 7
106 35 2
107 35 6
108 35 2
109 35 4
110 35 5
111 35 5
112 35 2
113 35 3
114 35 2
115 35 1
116 35 4
117 35 2
118 35 5
119 35 6
120 35 9
121 35 1
122 35 2
123 35 3
124 35 3
125 35 3
126 35 1
127 35 1
128 35 4
129 35 3
130 35 2
131 35 6
132 35 6
133 35 4
135 35 3
136 35 1
137 35 2
138 35 4
139 35 2
140 35 1
141 35 2
142 35 2
143 35 2
144 35 2
145 35 1
146 35 2
147 35 1
149 35 1
150 35 2
151 35 2
155 35 1
156 35 1
157 35 1
158 35 1
159 35 3
161 35 1
162 35 4
163 35 3
164 35 1
165 35 1
166 35 3
167 35 2
168 35 2
169 35 3
172 35 3
173 35 1
175 35 2
176 35 2
177 35 3
179 35 1
180 35 1
181 35 1
187 35 3
189 35 2
192 35 1
194 35 1
196 35 1
197 35 1
199 35 1
202 35 3
203 35 2
205 35 1
207 35 2
208 35 1
209 35 1
210 35 1
214 35 3
218 35 1
219 35 1
220 35 2
221 35 2
223 35 1
224 35 1
230 35 2
232 35 3
236 35 1
239 35 1
244 35 1
245 35 1
256 35 2
259 35 1
260 35 1
261 35 1
268 35 1
271 35 1
274 35 1
276 35 1
279 35 1
282 35 1
292 35 1
294 35 1
296 35 1
303 35 1
310 35 1
312 35 1
313 35 1
329 35 1
332 35 2
336 35 1
375 35 1
381 35 1
390 35 1
396 35 1
413 35 1
414 35 1
420 35 1
428 35 1
432 35 1
443 35 1
537 35 1
538 35 1
549 35 1
550 35 1
579 35 1
629 35 1
652 35 1
667 35 1
705 35 1
736 35 1
741 35 1
765 35 1
785 35 1
815 35 1
821 35 1
844 35 1
34 34 4
35 34 7
36 34 6
37 34 4
38 34 10
39 34 2
40 34 6
41 34 6
42 34 9
43 34 9
44 34 2
45 34 2
46 34 6
47 34 5
48 34 5
49 34 10
50 34 4
51 34 7
52 34 6
53 34 8
54 34 7
55 34 5
56 34 6
57 34 8
58 34 6
59 34 6
60 34 4
61 34 5
62 34 4
63 34 5
64 34 6
65 34 6
66 34 7
67 34 5
68 34 6
69 34 2
70 34 6
71 34 4
72 34 4
73 34 4
74 34 2
75 34 2
76 34 5
77 34 3
78 34 4
79 34 4
80 34 4
81 34 6
82 34 3
83 34 7
84 34 4
85 34 3
86 34 7
87 34 1
88 34 1
89 34 3
90 34 1
91 34 5
92 34 5
93 34 2
94 34 7
95 34 3
96 34 4
97 34 3
99 34 4
100 34 8
101 34 1
102 34 1
103 34 1
104 34 3
105 34 2
106 34 4
107 34 2
109 34 3
110 34 2
111 34 3
113 34 1
114 34 3
115 34 3
116 34 5
118 34 3
119 34 1
121 34 2
123 34 1
124 34 2
125 34 2
126 34 1
128 34 3
130 34 3
131 34 1
133 34 1
134 34 2
138 34 1
140 34 1
141 34 1
144 34 4
147 34 1
149 34 1
150 34 1
153 34 1
157 34 1
159 34 1
160 34 1
161 34 1
162 34 2
177 34 3
178 34 1
180 34 1
183 34 1
184 34 2
186 34 1
191 34 1
193 34 2
194 34 1
196 34 1
206 34 1
214 34 1
216 34 1
220 34 1
229 34 1
232 34 2
233 34 1
241 34 1
242 34 1
252 34 1
258 34 1
260 34 1
261 34 1
264 34 1
271 34 1
272 34 1
276 34 1
299 34 1
307 34 1
314 34 1
318 34 1
406 34 1
414 34 1
447 34 1
495 34 2
501 34 1
554 34 1
651 34 1
737 34 1
980 34 1
33 33 2
34 33 6
35 33 10
36 33 7
37 33 11
38 33 8
39 33 6
40 33 9
41 33 10
42 33 3
43 33 9
44 33 8
45 33 6
46 33 8
47 33 6
48 33 11
49 33 5
50 33 10
51 33 7
52 33 6
53 33 6
54 33 12
55 33 4
56 33 10
57 33 8
58 33 6
59 33 6
60 33 5
61 33 9
62 33 9
63 33 10
64 33 11
65 33 5
66 33 6
67 33 6
68 33 6
69 33 5
70 33 4
71 33 6
72 33 7
73 33 4
74 33 3
75 33 6
76 33 6
77 33 9
78 33 6
79 33 4
80 33 2
81 33 8
82 33 8
83 33 1
84 33 4
85 33 4
86 33 3
87 33 6
88 33 5
89 33 7
90 33 5
91 33 2
92 33 5
93 33 6
94 33 4
95 33 1
96 33 4
97 33 3
98 33 9
99 33 2
100 33 1
101 33 3
102 33 3
103 33 1
104 33 2
105 33 2
106 33 2
107 33 3
108 33 4
109 33 3
110 33 3
111 33 3
113 33 2
115 33 2
116 33 1
117 33 2
118 33 3
119 33 2
121 33 1
122 33 2
123 33 2
124 33 2
125 33 1
126 33 1
127 33 1
128 33 2
130 33 3
131 33 1
132 33 1
133 33 1
137 33 1
138 33 2
142 33 2
143 33 2
144 33 2
145 33 3
146 33 1
148 33 1
150 33 1
152 33 1
153 33 3
154 33 1
157 33 1
158 33 1
160 33 1
163 33 1
164 33 2
167 33 1
169 33 2
170 33 1
172 33 1
173 33 1
177 33 1
179 33 1
182 33 1
183 33 2
186 33 1
192 33 1
195 33 1
200 33 1
205 33 1
210 33 2
211 33 1
212 33 1
214 33 1
216 33 1
220 33 1
222 33 1
223 33 1
224 33 1
237 33 1
251 33 1
264 33 2
265 33 1
268 33 1
279 33 1
311 33 1
317 33 1
366 33 1
369 33 1
376 33 1
377 33 1
423 33 1
427 33 1
582 33 1
598 33 1
744 33 1
763 33 1
2067 33 1
32 32 4
33 32 6
34 32 12
35 32 13
36 32 10
37 32 14
38 32 11
39 32 8
40 32 11
41 32 9
42 32 11
43 32 8
44 32 12
45 32 7
46 32 4
47 32 11
48 32 5
49 32 12
50 32 7
51 32 11
52 32 7
53 32 4
54 32 9
55 32 4
56 32 8
57 32 13
58 32 12
59 32 10
60 32 9
61 32 8
62 32 8
63 32 11
64 32 4
65 32 5
66 32 6
67 32 8
68 32 8
69 32 9
70 32 4
71 32 7
72 32 6
73 32 5
74 32 12
75 32 3
76 32 4
77 32 7
78 32 5
79 32 7
80 32 3
81 32 2
82 32 3
83 32 2
84 32 3
85 32 3
86 32 5
87 32 7
88 32 4
89 32 2
90 32 4
91 32 4
92 32 4
94 32 5
95 32 1
96 32 2
97 32 3
98 32 5
100 32 5
101 32 4
102 32 2
103 32 4
104 32 1
105 32 2
106 32 1
107 32 2
108 32 4
109 32 1
111 32 2
112 32 1
113 32 2
114 32 1
115 32 1
117 32 1
118 32 1
119 32 2
120 32 3
121 32 3
122 32 2
123 32 1
124 32 2
126 32 2
127 32 1
128 32 3
129 32 2
130 32 1
133 32 1
134 32 2
136 32 1
139 32 1
140 32 1
142 32 3
143 32 1
144 32 1
148 32 1
149 32 1
150 32 1
151 32 2
152 32 1
155 32 2
156 32 1
157 32 1
163 32 1
165 32 1
168 32 1
169 32 2
177 32 2
179 32 1
180 32 1
182 32 1
188 32 1
198 32 1
207 32 1
210 32 1
213 32 1
217 32 2
221 32 1
229 32 1
236 32 1
239 32 1
240 32 1
241 32 1
246 32 1
247 32 1
257 32 1
259 32 1
261 32 2
262 32 1
277 32 1
278 32 1
282 32 1
284 32 1
289 32 1
324 32 1
332 32 1
333 32 1
336 32 1
339 32 1
358 32 1
388 32 1
433 32 1
439 32 1
468 32 1
592 32 1
603 32 1
612 32 1
716 32 1
755 32 1
838 32 1
860 32 1
932 32 1
1012 32 1
1924 32 1
2257 32 1
31 31 4
32 31 11
33 31 15
34 31 12
35 31 11
36 31 10
37 31 7
38 31 9
39 31 8
40 31 7
41 31 11
42 31 13
43 31 13
44 31 7
45 31 13
46 31 8
47 31 2
48 31 10
49 31 6
50 31 8
51 31 15
52 31 6
53 31 11
54 31 8
55 31 12
56 31 6
57 31 5
58 31 9
59 31 7
60 31 3
61 31 10
62 31 8
63 31 3
64 31 7
65 31 2
66 31 4
67 31 4
68 31 7
69 31 3
70 31 3
71 31 2
72 31 7
73 31 5
74 31 5
75 31 2
76 31 4
77 31 6
78 31 2
79 31 9
80 31 5
83 31 4
84 31 3
85 31 4
86 31 7
87 31 4
88 31 4
89 31 3
90 31 3
91 31 1
92 31 4
93 31 2
94 31 3
95 31 2
96 31 1
97 31 1
98 31 2
99 31 5
100 31 2
101 31 2
103 31 2
104 31 1
108 31 3
110 31 1
111 31 1
112 31 1
116 31 1
117 31 1
118 31 2
119 31 3
121 31 1
122 31 1
123 31 1
124 31 1
126 31 2
129 31 1
131 31 1
132 31 1
134 31 2
135 31 1
136 31 1
138 31 1
140 31 1
144 31 1
145 31 2
149 31 1
151 31 1
158 31 1
160 31 1
164 31 1
171 31 1
172 31 2
175 31 1
176 31 1
179 31 1
182 31 1
187 31 2
193 31 1
195 31 1
197 31 1
207 31 1
209 31 2
212 31 2
213 31 1
221 31 1
228 31 1
232 31 1
243 31 1
247 31 1
264 31 1
265 31 1
268 31 1
271 31 1
274 31 1
324 31 1
330 31 1
332 31 1
368 31 1
371 31 1
373 31 1
392 31 1
433 31 1
725 31 1
30 30 9
31 30 11
32 30 11
33 30 16
34 30 12
35 30 10
36 30 9
37 30 11
38 30 6
39 30 14
40 30 11
41 30 11
42 30 8
43 30 11
44 30 8
45 30 8
46 30 8
47 30 6
48 30 11
49 30 7
50 30 11
51 30 16
52 30 5
53 30 6
54 30 6
55 30 12
56 30 8
57 30 6
58 30 3
59 30 9
60 30 14
61 30 6
62 30 4
63 30 8
64 30 9
65 30 7
66 30 8
67 30 6
68 30 4
69 30 7
70 30 4
71 30 10
72 30 9
73 30 3
74 30 4
75 30 10
76 30 4
77 30 4
78 30 2
79 30 7
80 30 3
81 30 4
82 30 3
83 30 4
84 30 4
85 30 1
86 30 2
87 30 2
88 30 5
89 30 3
90 30 3
91 30 1
92 30 1
93 30 5
94 30 3
95 30 3
96 30 3
98 30 2
99 30 2
100 30 2
101 30 3
102 30 3
103 30 1
105 30 4
106 30 3
108 30 1
109 30 2
110 30 3
112 30 4
114 30 3
115 30 2
116 30 1
117 30 2
118 30 1
120 30 1
122 30 2
123 30 1
124 30 1
125 30 1
126 30 1
129 30 1
130 30 3
131 30 2
132 30 2
133 30 1
134 30 2
136 30 1
138 30 2
141 30 2
144 30 1
146 30 1
148 30 2
149 30 2
150 30 1
151 30 1
152 30 1
154 30 1
158 30 1
164 30 1
166 30 2
168 30 2
171 30 1
177 30 1
183 30 2
184 30 1
192 30 1
194 30 2
196 30 1
197 30 1
225 30 1
229 30 1
230 30 1
238 30 1
250 30 1
251 30 2
254 30 1
256 30 1
257 30 1
285 30 1
296 30 1
313 30 1
338 30 1
341 30 1
398 30 1
414 30 1
428 30 1
497 30 1
519 30 1
597 30 1
29 29 10
30 29 19
31 29 23
32 29 15
33 29 12
34 29 14
35 29 13
36 29 18
37 29 12
38 29 16
39 29 8
40 29 15
41 29 19
42 29 10
43 29 17
44 29 22
45 29 11
46 29 13
47 29 14
48 29 10
49 29 18
50 29 11
51 29 14
52 29 15
53 29 9
54 29 8
55 29 7
56 29 8
57 29 17
58 29 14
59 29 16
60 29 9
61 29 12
62 29 10
63 29 7
64 29 8
65 29 10
66 29 7
67 29 10
68 29 8
69 29 4
70 29 4
71 29 5
72 29 4
73 29 7
74 29 9
75 29 6
76 29 9
77 29 4
78 29 3
79 29 6
80 29 6
81 29 10
82 29 2
83 29 4
84 29 2
85 29 11
86 29 8
87 29 3
88 29 4
89 29 2
90 29 1
91 29 3
92 29 3
93 29 3
94 29 5
96 29 1
97 29 2
98 29 3
99 29 2
100 29 9
101 29 3
102 29 4
103 29 3
104 29 3
105 29 1
106 29 2
108 29 1
109 29 1
110 29 4
111 29 2
113 29 1
115 29 2
116 29 1
117 29 1
118 29 4
119 29 1
120 29 1
123 29 1
124 29 5
125 29 3
129 29 1
130 29 1
131 29 2
133 29 1
136 29 1
137 29 1
138 29 1
139 29 1
141 29 1
143 29 1
145 29 2
146 29 4
148 29 2
152 29 1
159 29 1
161 29 1
164 29 2
165 29 1
166 29 1
169 29 1
172 29 3
178 29 1
181 29 1
183 29 1
187 29 2
188 29 1
190 29 1
193 29 1
194 29 1
198 29 2
203 29 1
206 29 1
207 29 1
209 29 1
212 29 1
221 29 1
222 29 1
227 29 1
229 29 1
242 29 2
261 29 1
265 29 1
290 29 1
298 29 1
299 29 1
314 29 1
320 29 1
375 29 1
381 29 1
420 29 1
515 29 1
531 29 1
684 29 1
918 29 1
947 29 1
28 28 10
29 28 20
30 28 20
31 28 21
32 28 13
33 28 19
34 28 19
35 28 11
36 28 15
37 28 20
38 28 19
39 28 16
40 28 15
41 28 22
42 28 18
43 28 13
44 28 14
45 28 18
46 28 22
47 28 17
48 28 14
49 28 14
50 28 14
51 28 11
52 28 21
53 28 15
54 28 9
55 28 13
56 28 10
57 28 12
58 28 13
59 28 16
60 28 9
61 28 15
62 28 8
63 28 7
64 28 8
65 28 12
66 28 7
67 28 14
68 28 10
69 28 5
70 28 9
71 28 7
72 28 6
73 28 10
74 28 7
75 28 6
76 28 6
77 28 1
78 28 5
79 28 3
80 28 8
81 28 2
82 28 3
83 28 7
84 28 3
85 28 1
86 28 3
87 28 4
88 28 5
89 28 3
90 28 4
91 28 3
92 28 5
93 28 2
94 28 2
95 28 2
96 28 1
97 28 2
98 28 2
99 28 4
100 28 4
101 28 4
102 28 4
103 28 1
104 28 2
105 28 1
106 28 1
107 28 1
109 28 1
110 28 1
111 28 1
113 28 1
114 28 2
115 28 3
116 28 2
117 28 2
118 28 1
119 28 2
120 28 2
125 28 1
128 28 2
129 28 1
130 28 1
131 28 2
133 28 2
134 28 1
135 28 1
139 28 1
144 28 1
145 28 1
148 28 1
149 28 2
150 28 1
156 28 1
158 28 1
160 28 1
162 28 1
163 28 2
165 28 1
166 28 1
167 28 1
168 28 2
169 28 1
174 28 2
175 28 1
176 28 1
177 28 1
185 28 1
187 28 1
192 28 1
194 28 1
203 28 1
204 28 1
210 28 1
211 28 2
213 28 1
218 28 1
222 28 2
223 28 1
226 28 1
230 28 1
232 28 1
243 28 1
247 28 2
256 28 1
262 28 1
267 28 1
285 28 1
297 28 1
299 28 1
313 28 1
342 28 1
347 28 1
369 28 1
380 28 1
396 28 1
400 28 1
417 28 1
466 28 1
483 28 1
491 28 1
492 28 1
536 28 1
871 28 1
1020 28 1
27 27 12
28 27 21
29 27 25
30 27 22
31 27 27
32 27 14
33 27 22
34 27 22
35 27 27
36 27 10
37 27 16
38 27 20
39 27 19
40 27 10
41 27 21
42 27 16
43 27 14
44 27 18
45 27 17
46 27 16
47 27 14
48 27 15
49 27 13
50 27 6
51 27 10
52 27 11
53 27 9
54 27 8
55 27 11
56 27 14
57 27 11
58 27 8
59 27 12
60 27 11
61 27 10
62 27 9
63 27 7
64 27 4
65 27 8
66 27 12
67 27 9
68 27 13
69 27 10
70 27 8
71 27 8
72 27 6
73 27 9
74 27 8
75 27 9
76 27 6
77 27 3
78 27 4
79 27 7
80 27 2
81 27 6
82 27 5
83 27 5
84 27 4
85 27 2
86 27 1
88 27 1
89 27 3
90 27 1
91 27 3
92 27 7
93 27 1
94 27 3
95 27 4
96 27 5
97 27 1
98 27 3
99 27 1
100 27 3
101 27 4
102 27 3
103 27 1
104 27 2
105 27 3
106 27 5
109 27 1
110 27 1
111 27 1
113 27 1
114 27 1
115 27 2
116 27 1
117 27 4
118 27 2
119 27 2
121 27 2
122 27 1
123 27 1
124 27 2
125 27 1
128 27 1
129 27 1
130 27 1
131 27 2
135 27 1
138 27 1
139 27 1
141 27 1
142 27 3
145 27 1
146 27 1
147 27 2
149 27 1
150 27 1
151 27 1
154 27 3
155 27 3
159 27 1
165 27 1
166 27 1
169 27 1
176 27 2
178 27 1
182 27 2
189 27 1
190 27 1
202 27 1
203 27 1
204 27 1
205 27 1
206 27 2
211 27 2
213 27 1
216 27 1
234 27 1
235 27 1
241 27 1
251 27 1
257 27 1
274 27 1
279 27 1
292 27 1
320 27 1
332 27 1
768 27 1
26 26 19
27 26 29
28 26 18
29 26 26
30 26 24
31 26 29
32 26 25
33 26 28
34 26 25
35 26 18
36 26 17
37 26 20
38 26 17
39 26 16
40 26 14
41 26 17
42 26 19
43 26 17
44 26 23
45 26 18
46 26 16
47 26 18
48 26 14
49 26 16
50 26 15
51 26 17
52 26 15
53 26 7
54 26 14
55 26 8
56 26 12
57 26 13
58 26 12
59 26 4
60 26 9
61 26 8
62 26 5
63 26 6
64 26 6
65 26 2
66 26 3
67 26 8
68 26 4
69 26 8
70 26 2
71 26 6
72 26 7
73 26 3
74 26 8
75 26 3
76 26 3
77 26 1
78 26 1
79 26 1
80 26 3
81 26 2
82 26 5
83 26 1
84 26 2
85 26 6
86 26 4
87 26 5
88 26 1
89 26 5
91 26 2
92 26 2
93 26 2
94 26 3
95 26 1
96 26 3
97 26 2
98 26 1
99 26 3
100 26 3
101 26 1
102 26 1
103 26 2
106 26 5
107 26 1
108 26 1
109 26 2
111 26 1
114 26 1
116 26 1
117 26 2
118 26 1
119 26 1
120 26 3
122 26 3
123 26 1
124 26 1
126 26 2
129 26 1
133 26 1
135 26 1
138 26 2
139 26 1
143 26 1
144 26 1
145 26 1
146 26 1
149 26 1
152 26 1
155 26 1
165 26 1
166 26 1
168 26 1
173 26 1
177 26 1
181 26 1
183 26 1
214 26 1
224 26 1
230 26 2
247 26 1
261 26 1
285 26 1
290 26 1
311 26 1
450 26 1
646 26 1
657 26 1
1436 26 1
1594 26 1
25 25 25
26 25 39
27 25 25
28 25 22
29 25 22
30 25 33
31 25 28
32 25 19
33 25 21
34 25 31
35 25 27
36 25 15
37 25 16
38 25 16
39 25 27
40 25 13
41 25 17
42 25 18
43 25 14
44 25 15
45 25 18
46 25 7
47 25 22
48 25 15
49 25 9
50 25 13
51 25 9
52 25 11
53 25 10
54 25 14
55 25 15
56 25 12
57 25 19
58 25 11
59 25 8
60 25 5
61 25 11
62 25 12
63 25 9
64 25 3
65 25 10
66 25 9
67 25 3
68 25 6
69 25 6
70 25 8
71 25 5
72 25 6
73 25 5
74 25 6
75 25 4
76 25 7
77 25 3
78 25 5
79 25 1
80 25 5
81 25 5
82 25 4
83 25 3
84 25 5
85 25 4
86 25 1
87 25 2
88 25 3
90 25 3
91 25 2
92 25 3
93 25 1
94 25 2
95 25 2
96 25 3
97 25 4
98 25 2
99 25 2
100 25 3
101 25 4
102 25 2
103 25 2
104 25 3
105 25 1
106 25 1
107 25 1
108 25 2
109 25 2
112 25 3
113 25 1
114 25 2
115 25 2
116 25 2
117 25 1
118 25 1
119 25 4
120 25 2
121 25 1
123 25 1
124 25 1
125 25 2
126 25 2
132 25 1
138 25 1
141 25 1
145 25 1
146 25 1
149 25 2
155 25 1
158 25 1
160 25 1
163 25 1
167 25 1
172 25 1
189 25 1
192 25 1
200 25 1
207 25 1
208 25 1
209 25 2
214 25 1
219 25 1
223 25 1
230 25 1
248 25 1
249 25 1
257 25 1
277 25 1
295 25 1
299 25 1
350 25 1
471 25 1
472 25 1
486 25 1
591 25 1
610 25 1
644 25 1
772 25 1
967 25 1
11281 25 1
24 24 30
25 24 36
26 24 29
27 24 32
28 24 35
29 24 41
30 24 24
31 24 23
32 24 24
33 24 22
34 24 30
35 24 33
36 24 15
37 24 17
38 24 23
39 24 27
40 24 21
41 24 23
42 24 27
43 24 17
44 24 27
45 24 14
46 24 17
47 24 19
48 24 15
49 24 12
50 24 8
51 24 16
52 24 7
53 24 15
54 24 11
55 24 12
56 24 9
57 24 11
58 24 9
59 24 7
60 24 10
61 24 6
62 24 5
63 24 4
64 24 9
65 24 8
66 24 6
67 24 3
68 24 6
69 24 4
70 24 7
71 24 4
72 24 7
73 24 4
74 24 1
75 24 2
76 24 3
77 24 4
79 24 5
80 24 2
81 24 4
82 24 3
83 24 4
84 24 2
85 24 1
86 24 2
87 24 2
88 24 3
90 24 4
92 24 1
93 24 3
96 24 4
97 24 2
98 24 2
99 24 2
100 24 3
102 24 1
103 24 2
104 24 1
105 24 1
106 24 2
108 24 2
109 24 2
110 24 1
111 24 1
112 24 1
113 24 1
116 24 1
118 24 1
127 24 1
130 24 2
131 24 1
132 24 2
136 24 1
138 24 1
139 24 1
140 24 1
142 24 1
145 24 1
148 24 1
149 24 1
150 24 1
152 24 1
153 24 1
157 24 1
158 24 1
161 24 1
166 24 1
169 24 1
171 24 2
172 24 1
176 24 1
177 24 1
179 24 1
180 24 1
187 24 1
196 24 1
220 24 1
225 24 1
248 24 1
253 24 1
266 24 1
294 24 1
305 24 1
376 24 1
388 24 1
472 24 1
475 24 1
485 24 1
649 24 1
686 24 1
1860 24 1
23 23 39
24 23 38
25 23 48
26 23 32
27 23 36
28 23 40
29 23 30
30 23 33
31 23 30
32 23 34
33 23 33
34 23 26
35 23 32
36 23 34
37 23 31
38 23 22
39 23 23
40 23 22
41 23 23
42 23 21
43 23 21
44 23 16
45 23 15
46 23 15
47 23 16
48 23 17
49 23 14
50 23 12
51 23 12
52 23 6
53 23 12
54 23 9
55 23 9
56 23 15
57 23 11
58 23 6
59 23 5
60 23 10
61 23 10
62 23 9
63 23 8
64 23 8
65 23 6
66 23 2
67 23 12
68 23 2
69 23 8
70 23 8
71 23 5
72 23 3
73 23 6
74 23 4
75 23 5
76 23 5
77 23 4
78 23 2
79 23 4
81 23 2
82 23 4
83 23 5
84 23 3
85 23 1
86 23 2
87 23 3
88 23 2
89 23 1
90 23 3
92 23 2
93 23 1
94 23 3
95 23 1
96 23 1
97 23 3
98 23 4
99 23 2
100 23 3
101 23 3
103 23 1
104 23 1
106 23 1
107 23 3
108 23 2
109 23 2
111 23 1
114 23 2
115 23 1
116 23 2
120 23 1
123 23 1
124 23 1
127 23 1
128 23 1
129 23 2
130 23 1
131 23 2
134 23 1
135 23 2
136 23 1
141 23 2
142 23 1
143 23 1
162 23 1
164 23 1
168 23 2
176 23 1
178 23 1
184 23 2
202 23 1
203 23 1
210 23 1
221 23 1
225 23 1
246 23 1
247 23 1
289 23 1
296 23 1
320 23 1
325 23 1
377 23 1
393 23 1
466 23 1
497 23 1
556 23 1
22 22 47
23 22 51
24 22 55
25 22 50
26 22 43
27 22 52
28 22 46
29 22 43
30 22 39
31 22 26
32 22 23
33 22 35
34 22 27
35 22 34
36 22 29
37 22 33
38 22 25
39 22 26
40 22 13
41 22 23
42 22 21
43 22 14
44 22 20
45 22 17
46 22 20
47 22 16
48 22 15
49 22 10
50 22 17
51 22 14
52 22 8
53 22 6
54 22 6
55 22 6
56 22 9
57 22 16
58 22 9
59 22 9
60 22 11
61 22 12
62 22 10
63 22 6
64 22 6
65 22 8
66 22 12
67 22 4
68 22 1
69 22 7
70 22 8
71 22 6
72 22 3
73 22 5
74 22 2
75 22 5
76 22 2
77 22 4
78 22 3
79 22 6
80 22 3
81 22 3
82 22 2
83 22 3
84 22 5
85 22 4
86 22 2
87 22 4
88 22 1
89 22 3
90 22 1
91 22 1
93 22 1
94 22 2
96 22 3
97 22 1
98 22 2
99 22 1
101 22 1
104 22 2
106 22 1
107 22 1
108 22 1
109 22 1
111 22 3
114 22 1
115 22 2
116 22 1
118 22 3
119 22 1
120 22 3
127 22 2
130 22 1
131 22 1
133 22 2
134 22 1
135 22 1
138 22 1
139 22 2
142 22 1
143 22 1
145 22 1
154 22 2
155 22 1
156 22 2
157 22 1
159 22 1
160 22 1
161 22 1
165 22 1
180 22 1
181 22 1
186 22 1
188 22 1
190 22 1
193 22 1
196 22 2
197 22 1
202 22 1
203 22 1
205 22 2
216 22 1
224 22 1
230 22 2
244 22 1
250 22 1
265 22 1
273 22 1
295 22 1
303 22 1
319 22 1
353 22 1
360 22 1
368 22 1
369 22 1
434 22 1
464 22 1
533 22 1
685 22 1
1481 22 1
21 21 61
22 21 64
23 21 62
24 21 67
25 21 67
26 21 45
27 21 45
28 21 53
29 21 37
30 21 40
31 21 36
32 21 34
33 21 37
34 21 44
35 21 31
36 21 28
37 21 34
38 21 33
39 21 28
40 21 21
41 21 18
42 21 22
43 21 25
44 21 23
45 21 23
46 21 22
47 21 16
48 21 15
49 21 15
50 21 14
51 21 17
52 21 19
53 21 14
54 21 15
55 21 13
56 21 9
57 21 8
58 21 7
59 21 14
60 21 10
61 21 5
62 21 5
63 21 8
64 21 11
65 21 7
66 21 6
67 21 2
68 21 9
69 21 4
70 21 5
71 21 4
72 21 6
73 21 7
74 21 5
75 21 2
76 21 2
77 21 1
78 21 3
79 21 13
80 21 1
81 21 3
82 21 5
83 21 3
84 21 4
85 21 3
86 21 4
87 21 3
88 21 7
89 21 1
90 21 3
91 21 2
92 21 1
93 21 2
95 21 3
96 21 2
97 21 3
98 21 2
99 21 2
100 21 1
101 21 5
102 21 1
103 21 5
104 21 1
106 21 1
107 21 1
108 21 2
109 21 2
110 21 2
112 21 1
113 21 1
114 21 1
115 21 1
116 21 2
119 21 1
121 21 1
122 21 1
124 21 1
126 21 2
129 21 1
131 21 1
132 21 1
135 21 1
141 21 1
143 21 1
144 21 1
147 21 1
150 21 1
153 21 1
161 21 2
162 21 1
164 21 1
165 21 1
166 21 1
167 21 1
169 21 1
171 21 1
173 21 2
176 21 1
177 21 1
181 21 1
182 21 1
191 21 2
213 21 1
216 21 1
231 21 1
236 21 1
246 21 1
265 21 1
268 21 1
270 21 1
314 21 1
339 21 1
388 21 1
391 21 1
392 21 1
409 21 1
476 21 1
609 21 1
2763 21 1
20 20 73
21 20 84
22 20 75
23 20 66
24 20 54
25 20 57
26 20 50
27 20 49
28 20 45
29 20 44
30 20 36
31 20 44
32 20 35
33 20 40
34 20 40
35 20 36
36 20 44
37 20 38
38 20 28
39 20 41
40 20 19
41 20 30
42 20 13
43 20 23
44 20 15
45 20 13
46 20 16
47 20 19
48 20 12
49 20 16
50 20 12
51 20 6
52 20 16
53 20 7
54 20 25
55 20 7
56 20 13
57 20 8
58 20 11
59 20 4
60 20 4
61 20 8
62 20 5
63 20 4
64 20 6
65 20 9
66 20 3
67 20 4
68 20 1
69 20 1
70 20 1
71 20 4
72 20 2
73 20 5
74 20 5
75 20 4
76 20 1
77 20 2
78 20 6
79 20 6
80 20 1
81 20 4
82 20 4
83 20 2
84 20 3
85 20 2
86 20 3
88 20 2
90 20 2
92 20 1
93 20 1
94 20 1
95 20 2
96 20 1
97 20 2
98 20 1
99 20 2
100 20 3
105 20 2
107 20 2
108 20 2
109 20 1
113 20 1
115 20 1
116 20 1
122 20 2
123 20 1
124 20 1
126 20 1
132 20 1
135 20 1
136 20 2
138 20 1
140 20 1
143 20 2
146 20 2
147 20 1
150 20 1
156 20 1
157 20 1
158 20 1
166 20 1
176 20 1
181 20 1
184 20 1
193 20 1
204 20 1
240 20 1
268 20 1
270 20 1
286 20 1
334 20 1
342 20 1
403 20 1
418 20 1
424 20 1
441 20 1
882 20 1
19 19 93
20 19 110
21 19 88
22 19 70
23 19 74
24 19 67
25 19 66
26 19 77
27 19 78
28 19 54
29 19 46
30 19 45
31 19 52
32 19 46
33 19 51
34 19 48
35 19 28
36 19 32
37 19 40
38 19 19
39 19 32
40 19 24
41 19 21
42 19 20
43 19 25
44 19 20
45 19 21
46 19 16
47 19 19
48 19 15
49 19 13
50 19 11
51 19 21
52 19 7
53 19 15
54 19 10
55 19 5
56 19 7
57 19 8
58 19 9
59 19 6
60 19 4
61 19 9
62 19 7
63 19 9
64 19 4
65 19 9
66 19 6
67 19 2
68 19 2
69 19 3
70 19 5
71 19 3
72 19 7
73 19 1
74 19 3
75 19 1
76 19 1
77 19 1
78 19 3
79 19 2
80 19 2
81 19 1
82 19 4
83 19 3
85 19 4
86 19 1
87 19 3
88 19 1
91 19 1
92 19 1
93 19 5
95 19 1
96 19 3
97 19 1
99 19 2
100 19 3
101 19 1
102 19 3
103 19 4
104 19 1
105 19 3
106 19 1
107 19 1
109 19 1
110 19 2
112 19 2
114 19 1
115 19 1
116 19 3
117 19 2
118 19 2
122 19 1
127 19 1
129 19 2
131 19 1
136 19 1
140 19 2
141 19 2
144 19 1
152 19 2
158 19 1
159 19 1
162 19 1
169 19 2
178 19 1
180 19 1
182 19 1
187 19 1
192 19 2
196 19 1
197 19 1
204 19 1
207 19 1
228 19 1
234 19 1
235 19 1
241 19 1
247 19 1
271 19 1
360 19 1
428 19 1
529 19 1
543 19 1
560 19 1
576 19 1
667 19 1
689 19 1
710 19 1
804 19 1
1108 19 1
1589 19 1
1630 19 1
1945 19 1
18 18 125
19 18 131
20 18 110
21 18 91
22 18 92
23 18 68
24 18 66
25 18 60
26 18 73
27 18 77
28 18 42
29 18 69
30 18 54
31 18 40
32 18 42
33 18 52
34 18 37
35 18 41
36 18 32
37 18 29
38 18 24
39 18 33
40 18 21
41 18 24
42 18 23
43 18 13
44 18 11
45 18 10
46 18 19
47 18 13
48 18 15
49 18 14
50 18 14
51 18 12
52 18 8
53 18 11
54 18 7
55 18 7
56 18 10
57 18 10
58 18 6
59 18 5
60 18 3
61 18 6
62 18 3
63 18 3
64 18 4
65 18 8
66 18 1
67 18 4
68 18 3
69 18 4
70 18 3
71 18 1
72 18 2
73 18 6
74 18 3
75 18 4
76 18 8
77 18 2
78 18 6
79 18 4
80 18 1
81 18 2
82 18 3
83 18 3
84 18 2
88 18 2
90 18 2
92 18 1
94 18 1
95 18 4
96 18 3
98 18 2
99 18 3
100 18 1
101 18 1
103 18 2
105 18 3
108 18 1
115 18 2
118 18 1
121 18 1
122 18 1
123 18 1
124 18 1
128 18 1
130 18 2
131 18 1
135 18 1
140 18 1
143 18 1
145 18 1
150 18 1
151 18 1
159 18 1
171 18 1
173 18 1
175 18 1
184 18 1
192 18 1
194 18 1
207 18 1
211 18 1
276 18 1
295 18 1
316 18 1
327 18 1
427 18 1
442 18 1
466 18 1
468 18 1
494 18 1
510 18 1
1145 18 1
1244 18 1
1416 18 1
17 17 155
18 17 161
19 17 115
20 17 118
21 17 114
22 17 98
23 17 97
24 17 85
25 17 81
26 17 79
27 17 66
28 17 48
29 17 64
30 17 57
31 17 54
32 17 59
33 17 44
34 17 25
35 17 35
36 17 38
37 17 28
38 17 20
39 17 33
40 17 26
41 17 21
42 17 19
43 17 19
44 17 19
45 17 16
46 17 18
47 17 11
48 17 18
49 17 15
50 17 8
51 17 11
52 17 11
53 17 10
54 17 6
55 17 11
56 17 9
57 17 7
58 17 7
59 17 4
60 17 6
61 17 8
62 17 5
63 17 3
64 17 8
65 17 6
66 17 5
67 17 1
68 17 1
69 17 1
70 17 2
71 17 3
72 17 3
73 17 3
74 17 4
75 17 2
76 17 1
77 17 2
78 17 5
79 17 4
80 17 3
81 17 2
82 17 4
83 17 3
84 17 6
85 17 2
87 17 2
92 17 6
93 17 2
95 17 1
96 17 2
97 17 1
98 17 1
99 17 2
100 17 4
104 17 1
105 17 1
106 17 4
107 17 1
108 17 3
110 17 2
111 17 2
112 17 1
115 17 1
116 17 2
118 17 4
120 17 1
121 17 1
123 17 1
124 17 3
125 17 3
127 17 1
129 17 1
134 17 1
135 17 1
140 17 1
141 17 1
142 17 1
148 17 1
149 17 1
150 17 2
154 17 1
156 17 1
157 17 1
159 17 1
160 17 1
161 17 2
162 17 1
167 17 1
170 17 1
171 17 1
178 17 2
179 17 1
185 17 1
197 17 1
201 17 1
207 17 1
220 17 1
225 17 1
237 17 1
267 17 1
273 17 1
275 17 1
276 17 1
290 17 1
295 17 1
299 17 1
357 17 1
366 17 1
466 17 1
16 16 208
17 16 170
18 16 149
19 16 146
20 16 136
21 16 85
22 16 102
23 16 103
24 16 72
25 16 88
26 16 86
27 16 72
28 16 67
29 16 62
30 16 63
31 16 43
32 16 68
33 16 39
34 16 33
35 16 48
36 16 32
37 16 30
38 16 20
39 16 29
40 16 21
41 16 24
42 16 20
43 16 16
44 16 18
45 16 8
46 16 12
47 16 12
48 16 17
49 16 17
50 16 9
51 16 10
52 16 9
53 16 8
54 16 6
55 16 8
56 16 6
57 16 7
58 16 10
59 16 7
60 16 4
61 16 7
62 16 6
63 16 7
64 16 2
65 16 3
66 16 7
67 16 5
68 16 6
69 16 4
70 16 4
71 16 4
72 16 3
73 16 4
74 16 3
75 16 5
76 16 3
77 16 5
78 16 1
79 16 3
80 16 8
81 16 7
82 16 4
83 16 3
84 16 1
85 16 1
86 16 1
87 16 1
88 16 4
89 16 1
90 16 2
91 16 2
92 16 2
94 16 1
95 16 2
96 16 1
97 16 2
98 16 1
101 16 1
104 16 3
105 16 1
106 16 2
107 16 1
108 16 2
109 16 2
110 16 2
111 16 1
112 16 2
114 16 3
115 16 1
116 16 2
118 16 2
119 16 1
122 16 1
124 16 1
125 16 1
127 16 1
129 16 2
130 16 1
134 16 1
135 16 1
136 16 1
141 16 1
145 16 2
147 16 1
156 16 1
164 16 2
171 16 1
195 16 1
208 16 1
220 16 1
233 16 1
247 16 1
264 16 1
267 16 1
268 16 1
269 16 1
275 16 1
292 16 1
324 16 1
388 16 1
814 16 1
894 16 1
1013 16 1
15 15 251
16 15 189
17 15 183
18 15 148
19 15 169
20 15 136
21 15 141
22 15 127
23 15 120
24 15 89
25 15 93
26 15 90
27 15 75
28 15 84
29 15 75
30 15 43
31 15 53
32 15 48
33 15 51
34 15 47
35 15 34
36 15 33
37 15 36
38 15 25
39 15 24
40 15 26
41 15 26
42 15 18
43 15 16
44 15 13
45 15 13
46 15 14
47 15 8
48 15 7
49 15 10
50 15 16
51 15 8
52 15 10
53 15 10
54 15 2
55 15 4
56 15 5
57 15 8
58 15 3
59 15 10
60 15 9
61 15 5
62 15 3
63 15 5
64 15 3
65 15 6
66 15 5
67 15 1
68 15 3
69 15 2
70 15 9
71 15 5
72 15 6
73 15 3
74 15 6
75 15 4
76 15 3
77 15 3
78 15 4
79 15 4
80 15 2
81 15 1
82 15 2
83 15 1
84 15 2
85 15 2
86 15 2
88 15 4
89 15 2
91 15 1
92 15 2
93 15 2
94 15 7
96 15 2
97 15 1
99 15 1
100 15 1
103 15 1
107 15 2
108 15 2
109 15 1
110 15 1
114 15 1
115 15 1
117 15 1
119 15 1
120 15 2
121 15 2
122 15 1
123 15 1
125 15 1
127 15 2
134 15 1
135 15 2
136 15 1
137 15 1
141 15 1
150 15 1
155 15 1
156 15 1
159 15 2
176 15 1
203 15 1
207 15 1
213 15 1
215 15 1
223 15 1
271 15 1
280 15 1
319 15 1
353 15 1
632 15 1
14 14 303
15 14 274
16 14 225
17 14 218
18 14 173
19 14 168
20 14 163
21 14 142
22 14 138
23 14 122
24 14 118
25 14 106
26 14 82
27 14 89
28 14 63
29 14 65
30 14 48
31 14 53
32 14 29
33 14 34
34 14 41
35 14 27
36 14 23
37 14 29
38 14 17
39 14 19
40 14 20
41 14 19
42 14 26
43 14 12
44 14 14
45 14 10
46 14 14
47 14 15
48 14 16
49 14 4
50 14 8
51 14 3
52 14 4
53 14 9
54 14 7
55 14 6
56 14 5
57 14 7
58 14 6
59 14 7
60 14 3
61 14 5
62 14 2
63 14 5
64 14 2
65 14 1
66 14 3
67 14 3
68 14 3
69 14 4
71 14 2
72 14 2
73 14 2
74 14 1
75 14 6
76 14 3
77 14 4
78 14 6
79 14 1
80 14 3
81 14 2
82 14 1
83 14 1
84 14 1
85 14 1
87 14 1
88 14 1
89 14 3
90 14 3
91 14 1
92 14 1
94 14 1
98 14 2
99 14 3
100 14 1
101 14 1
103 14 1
104 14 1
105 14 1
107 14 1
114 14 3
117 14 1
119 14 1
120 14 1
121 14 1
122 14 1
127 14 1
130 14 2
131 14 1
132 14 1
135 14 2
136 14 2
139 14 1
140 14 2
142 14 1
148 14 2
151 14 1
152 14 1
155 14 1
185 14 1
189 14 2
201 14 1
208 14 1
211 14 1
221 14 1
228 14 1
235 14 1
292 14 1
312 14 1
341 14 1
365 14 1
443 14 1
501 14 1
553 14 1
563 14 1
852 14 1
13 13 461
14 13 376
15 13 270
16 13 247
17 13 251
18 13 204
19 13 210
20 13 181
21 13 169
22 13 149
23 13 116
24 13 130
25 13 95
26 13 95
27 13 78
28 13 80
29 13 54
30 13 71
31 13 40
32 13 51
33 13 58
34 13 41
35 13 39
36 13 30
37 13 28
38 13 27
39 13 20
40 13 20
41 13 18
42 13 9
43 13 16
44 13 17
45 13 15
46 13 16
47 13 13
48 13 10
49 13 7
50 13 10
51 13 10
52 13 9
53 13 8
54 13 7
55 13 7
56 13 8
57 13 7
58 13 7
59 13 9
60 13 7
61 13 6
62 13 5
63 13 2
64 13 7
65 13 2
66 13 6
67 13 3
68 13 5
69 13 3
70 13 4
71 13 3
72 13 2
73 13 3
74 13 1
75 13 1
77 13 1
78 13 5
79 13 3
80 13 3
82 13 6
83 13 2
86 13 2
87 13 2
88 13 2
90 13 2
91 13 3
92 13 2
93 13 1
94 13 1
96 13 2
97 13 1
98 13 3
101 13 3
104 13 1
106 13 1
107 13 2
111 13 2
118 13 2
119 13 2
121 13 1
123 13 2
127 13 1
129 13 3
137 13 1
139 13 1
144 13 1
145 13 1
148 13 1
152 13 1
153 13 2
155 13 2
156 13 1
157 13 1
176 13 2
188 13 1
199 13 1
200 13 1
202 13 1
205 13 1
213 13 1
215 13 2
221 13 1
258 13 1
279 13 1
296 13 1
489 13 1
511 13 1
526 13 1
12 12 593
13 12 458
14 12 397
15 12 318
16 12 284
17 12 267
18 12 211
19 12 221
20 12 184
21 12 151
22 12 131
23 12 125
24 12 96
25 12 91
26 12 77
27 12 65
28 12 54
29 12 69
30 12 42
31 12 45
32 12 30
33 12 33
34 12 33
35 12 23
36 12 27
37 12 16
38 12 16
39 12 24
40 12 14
41 12 17
42 12 14
43 12 13
44 12 7
45 12 8
46 12 10
47 12 11
48 12 5
49 12 9
50 12 6
51 12 7
52 12 5
53 12 6
54 12 2
55 12 6
56 12 8
57 12 3
58 12 1
59 12 5
60 12 10
61 12 3
62 12 6
63 12 2
64 12 4
65 12 2
66 12 3
67 12 1
68 12 4
69 12 3
70 12 1
71 12 3
72 12 3
73 12 5
75 12 5
76 12 3
77 12 1
80 12 3
81 12 2
83 12 1
84 12 3
85 12 1
87 12 2
88 12 1
90 12 2
91 12 1
92 12 1
97 12 3
99 12 1
101 12 2
102 12 1
105 12 1
109 12 1
111 12 2
112 12 1
114 12 1
116 12 1
117 12 1
126 12 1
129 12 1
135 12 2
141 12 1
144 12 1
146 12 1
149 12 1
150 12 1
151 12 1
163 12 1
167 12 1
175 12 1
177 12 1
186 12 1
188 12 1
194 12 1
197 12 1
216 12 1
228 12 1
289 12 1
333 12 1
351 12 2
367 12 1
503 12 1
11 11 789
12 11 584
13 11 455
14 11 417
15 11 360
16 11 289
17 11 239
18 11 228
19 11 204
20 11 164
21 11 178
22 11 140
23 11 115
24 11 96
25 11 97
26 11 74
27 11 81
28 11 61
29 11 56
30 11 45
31 11 43
32 11 37
33 11 34
34 11 18
35 11 31
36 11 24
37 11 24
38 11 15
39 11 14
40 11 15
41 11 24
42 11 13
43 11 18
44 11 10
45 11 10
46 11 13
47 11 8
48 11 11
49 11 4
50 11 2
51 11 7
52 11 4
53 11 4
54 11 5
55 11 1
56 11 5
57 11 10
58 11 8
59 11 7
60 11 4
61 11 6
62 11 6
64 11 6
65 11 6
66 11 4
67 11 3
68 11 3
69 11 3
70 11 2
71 11 3
72 11 1
73 11 1
74 11 3
75 11 1
76 11 2
77 11 4
78 11 2
81 11 2
82 11 3
83 11 2
84 11 1
85 11 1
86 11 2
87 11 2
88 11 2
89 11 1
90 11 3
92 11 2
93 11 2
98 11 1
99 11 2
102 11 2
104 11 3
106 11 1
108 11 2
109 11 1
116 11 1
117 11 1
118 11 1
122 11 1
126 11 1
128 11 1
133 11 1
142 11 1
148 11 1
149 11 1
150 11 1
154 11 1
157 11 1
159 11 1
160 11 1
165 11 1
169 11 1
171 11 2
218 11 1
300 11 1
335 11 1
10 10 1085
11 10 806
12 10 622
13 10 538
14 10 392
15 10 415
16 10 298
17 10 277
18 10 226
19 10 190
20 10 180
21 10 142
22 10 131
23 10 123
24 10 124
25 10 87
26 10 67
27 10 66
28 10 55
29 10 52
30 10 47
31 10 34
32 10 33
33 10 28
34 10 23
35 10 23
36 10 26
37 10 13
38 10 19
39 10 21
40 10 10
41 10 8
42 10 19
43 10 12
44 10 15
45 10 9
46 10 5
47 10 5
48 10 12
49 10 6
50 10 8
51 10 4
52 10 6
53 10 7
54 10 6
55 10 5
56 10 1
57 10 2
58 10 8
59 10 4
60 10 7
61 10 6
62 10 5
63 10 4
64 10 4
65 10 5
66 10 2
67 10 4
70 10 1
72 10 6
73 10 2
74 10 1
75 10 2
76 10 2
77 10 2
78 10 1
79 10 2
81 10 4
82 10 1
83 10 1
84 10 1
85 10 1
86 10 3
88 10 1
91 10 1
92 10 1
93 10 1
94 10 2
95 10 1
96 10 2
97 10 1
99 10 2
103 10 1
109 10 2
111 10 1
112 10 2
113 10 1
116 10 2
121 10 1
139 10 1
148 10 1
152 10 1
154 10 1
172 10 1
214 10 1
232 10 1
277 10 1
9 9 1512
10 9 1080
11 9 848
12 9 703
13 9 576
14 9 523
15 9 462
16 9 375
17 9 317
18 9 242
19 9 180
20 9 175
21 9 136
22 9 122
23 9 100
24 9 97
25 9 90
26 9 57
27 9 59
28 9 50
29 9 44
30 9 46
31 9 34
32 9 37
33 9 25
34 9 27
35 9 17
36 9 18
37 9 22
38 9 17
39 9 15
40 9 10
41 9 12
42 9 7
43 9 11
44 9 14
45 9 5
46 9 11
47 9 7
48 9 4
49 9 10
50 9 2
51 9 8
52 9 7
53 9 7
54 9 5
55 9 5
56 9 7
57 9 3
58 9 3
59 9 6
60 9 5
61 9 8
62 9 5
63 9 4
64 9 1
65 9 2
66 9 3
67 9 2
68 9 1
69 9 2
70 9 4
71 9 1
72 9 2
73 9 1
76 9 1
78 9 1
79 9 1
80 9 3
81 9 1
82 9 1
83 9 2
84 9 1
86 9 1
87 9 3
88 9 2
89 9 1
94 9 1
98 9 1
102 9 1
104 9 2
105 9 1
107 9 1
108 9 2
109 9 2
110 9 1
113 9 1
117 9 1
120 9 1
123 9 1
128 9 1
130 9 1
132 9 1
143 9 1
159 9 1
170 9 1
201 9 1
221 9 1
231 9 1
234 9 1
293 9 1
297 9 1
569 9 1
8 8 2206
9 8 1502
10 8 1110
11 8 940
12 8 767
13 8 583
14 8 546
15 8 435
16 8 383
17 8 281
18 8 225
19 8 174
20 8 144
21 8 129
22 8 114
23 8 87
24 8 70
25 8 86
26 8 55
27 8 43
28 8 44
29 8 44
30 8 35
31 8 34
32 8 26
33 8 19
34 8 24
35 8 20
36 8 17
37 8 10
38 8 16
39 8 10
40 8 11
41 8 14
42 8 12
43 8 8
44 8 9
45 8 9
46 8 3
47 8 4
48 8 8
49 8 4
50 8 6
51 8 6
52 8 8
53 8 3
54 8 6
55 8 2
56 8 4
57 8 1
59 8 2
60 8 2
61 8 2
62 8 4
63 8 1
65 8 2
66 8 1
68 8 1
69 8 2
70 8 3
71 8 1
73 8 2
75 8 1
76 8 1
77 8 1
82 8 1
87 8 1
89 8 1
97 8 2
98 8 1
100 8 1
124 8 1
125 8 1
160 8 1
187 8 1
194 8 1
7 7 3204
8 7 2170
9 7 1732
10 7 1348
11 7 1067
12 7 877
13 7 686
14 7 527
15 7 423
16 7 306
17 7 223
18 7 202
19 7 182
20 7 142
21 7 119
22 7 99
23 7 74
24 7 73
25 7 74
26 7 42
27 7 51
28 7 27
29 7 27
30 7 19
31 7 24
32 7 26
33 7 17
34 7 11
35 7 25
36 7 17
37 7 14
38 7 13
39 7 7
40 7 11
41 7 5
42 7 6
43 7 5
44 7 7
45 7 7
46 7 7
47 7 3
48 7 2
49 7 3
50 7 4
51 7 2
52 7 5
54 7 1
55 7 3
56 7 1
57 7 1
58 7 3
60 7 3
61 7 1
62 7 2
63 7 2
64 7 1
65 7 4
66 7 2
67 7 1
68 7 2
70 7 1
71 7 1
72 7 2
77 7 1
78 7 1
84 7 1
86 7 1
87 7 1
90 7 1
92 7 1
93 7 1
98 7 1
101 7 2
105 7 1
107 7 1
112 7 1
116 7 1
127 7 1
139 7 1
157 7 1
168 7 1
212 7 1
286 7 1
288 7 1
6 6 5268
7 6 3386
8 6 2516
9 6 1919
10 6 1427
11 6 1076
12 6 819
13 6 551
14 6 462
15 6 384
16 6 281
17 6 197
18 6 175
19 6 117
20 6 101
21 6 79
22 6 62
23 6 52
24 6 48
25 6 41
26 6 27
27 6 28
28 6 25
29 6 11
30 6 10
31 6 15
32 6 13
33 6 13
34 6 10
35 6 11
36 6 1
37 6 11
38 6 3
39 6 6
40 6 10
41 6 4
42 6 5
43 6 6
44 6 3
45 6 5
46 6 5
47 6 3
49 6 1
50 6 3
51 6 1
52 6 1
53 6 2
54 6 1
55 6 1
56 6 3
59 6 1
60 6 1
61 6 2
62 6 1
63 6 1
64 6 1
66 6 2
69 6 1
75 6 1
78 6 1
80 6 1
82 6 1
89 6 1
90 6 1
104 6 1
105 6 1
129 6 1
142 6 1
146 6 1
147 6 1
156 6 1
285 6 1
338 6 1
5 5 9283
6 5 5554
7 5 3847
8 5 2708
9 5 1908
10 5 1342
11 5 927
12 5 678
13 5 491
14 5 367
15 5 282
16 5 220
17 5 166
18 5 119
19 5 84
20 5 68
21 5 73
22 5 52
23 5 41
24 5 39
25 5 28
26 5 18
27 5 20
28 5 19
29 5 12
30 5 10
31 5 8
32 5 3
33 5 4
34 5 2
35 5 14
36 5 7
37 5 1
38 5 3
39 5 2
40 5 6
41 5 3
42 5 3
43 5 1
44 5 3
45 5 2
48 5 1
49 5 2
50 5 1
51 5 3
52 5 1
53 5 1
54 5 1
55 5 1
56 5 1
60 5 1
62 5 1
63 5 1
64 5 1
68 5 1
69 5 1
71 5 1
73 5 2
94 5 1
133 5 1
189 5 1
229 5 1
4 4 18684
5 4 9986
6 4 6391
7 4 4022
8 4 2776
9 4 1725
10 4 1190
11 4 797
12 4 523
13 4 383
14 4 265
15 4 156
16 4 135
17 4 105
18 4 75
19 4 56
20 4 48
21 4 45
22 4 35
23 4 24
24 4 15
25 4 14
26 4 10
27 4 9
28 4 3
29 4 6
30 4 8
31 4 4
32 4 5
33 4 2
34 4 3
35 4 1
36 4 4
37 4 5
38 4 1
39 4 1
40 4 1
41 4 1
42 4 2
43 4 1
44 4 2
45 4 1
46 4 1
49 4 1
50 4 2
51 4 2
52 4 3
54 4 2
55 4 1
56 4 2
58 4 1
60 4 1
61 4 1
66 4 1
84 4 1
85 4 1
86 4 1
95 4 1
109 4 1
118 4 1
232 4 1
3 3 44618
4 3 19835
5 3 10264
6 3 5529
7 3 3147
8 3 1829
9 3 1069
10 3 649
11 3 403
12 3 271
13 3 199
14 3 112
15 3 74
16 3 53
17 3 49
18 3 40
19 3 24
20 3 23
21 3 12
22 3 8
23 3 13
24 3 7
25 3 9
26 3 6
27 3 4
28 3 2
29 3 2
30 3 2
31 3 4
32 3 1
33 3 2
34 3 4
36 3 2
37 3 3
38 3 1
39 3 3
40 3 1
41 3 1
42 3 4
43 3 3
44 3 1
45 3 1
46 3 1
47 3 1
48 3 1
53 3 1
55 3 1
56 3 1
57 3 2
61 3 1
62 3 1
66 3 1
105 3 1
107 3 1
2 2 135362
3 2 38794
4 2 14499
5 2 6115
6 2 2847
7 2 1418
8 2 762
9 2 486
10 2 262
11 2 160
12 2 133
13 2 93
14 2 78
15 2 44
16 2 39
17 2 38
18 2 30
19 2 28
20 2 22
21 2 25
22 2 19
23 2 18
24 2 14
25 2 11
26 2 15
27 2 11
28 2 4
29 2 15
30 2 6
31 2 6
32 2 2
33 2 8
34 2 4
35 2 5
36 2 6
37 2 4
38 2 5
39 2 2
40 2 1
41 2 4
42 2 1
43 2 6
45 2 2
46 2 2
47 2 3
49 2 3
50 2 3
51 2 3
52 2 4
53 2 2
54 2 1
57 2 2
59 2 1
60 2 1
61 2 1
63 2 2
64 2 2
70 2 1
73 2 2
83 2 1
95 2 1
99 2 1
100 2 1
102 2 1
159 2 1
1 1 602539
2 1 46875
3 1 9448
4 1 2858
5 1 1085
6 1 560
7 1 316
8 1 405
9 1 167
10 1 107
11 1 76
12 1 55
13 1 39
14 1 25
15 1 27
16 1 22
17 1 11
18 1 13
19 1 10
20 1 7
21 1 12
22 1 12
23 1 10
24 1 5
25 1 7
26 1 4
27 1 4
28 1 5
29 1 1
30 1 4
31 1 3
33 1 1
34 1 1
35 1 1
36 1 1
37 1 2
38 1 2
39 1 1
41 1 2
49 1 1
50 1 1
68 1 1
0 0 22937
