15 14 1
16 14 1
17 14 4
18 14 2
19 14 1
20 14 1
21 14 3
22 14 3
23 14 1
24 14 3
26 14 4
28 14 1
29 14 1
31 14 1
14 12 1
16 11 1
17 11 1
18 11 1
19 11 2
20 11 1
22 11 2
24 11 1
27 11 2
61 11 1
70 11 1
10 10 1
11 10 2
12 10 3
13 10 4
14 10 3
15 10 2
19 10 1
21 10 1
9 9 2
10 9 6
11 9 4
12 9 4
13 9 3
14 9 1
15 9 3
16 9 3
17 9 2
18 9 1
20 9 4
21 9 1
22 9 8
23 9 5
24 9 1
25 9 3
26 9 1
27 9 2
28 9 3
29 9 1
30 9 1
31 9 1
32 9 2
33 9 1
34 9 1
36 9 1
41 9 1
48 9 1
50 9 1
52 9 2
57 9 1
59 9 1
76 9 1
8 8 2
9 8 9
10 8 10
11 8 18
12 8 15
13 8 22
14 8 21
15 8 9
16 8 19
17 8 26
18 8 20
19 8 11
20 8 44
21 8 35
22 8 23
23 8 23
24 8 20
25 8 16
26 8 12
27 8 19
28 8 12
29 8 6
30 8 10
31 8 8
32 8 7
33 8 7
34 8 1
35 8 2
36 8 1
37 8 5
38 8 2
39 8 6
40 8 6
41 8 2
42 8 1
43 8 3
44 8 3
45 8 1
46 8 2
47 8 2
48 8 2
50 8 3
51 8 1
52 8 2
53 8 2
54 8 2
55 8 1
56 8 1
57 8 2
58 8 2
61 8 1
66 8 1
91 8 1
7 7 228
8 7 437
9 7 611
10 7 773
11 7 869
12 7 877
13 7 909
14 7 905
15 7 828
16 7 891
17 7 811
18 7 752
19 7 698
20 7 1424
21 7 1352
22 7 1049
23 7 860
24 7 732
25 7 658
26 7 522
27 7 420
28 7 381
29 7 298
30 7 265
31 7 216
32 7 177
33 7 156
34 7 135
35 7 116
36 7 94
37 7 87
38 7 78
39 7 76
40 7 63
41 7 61
42 7 48
43 7 34
44 7 32
45 7 34
46 7 31
47 7 18
48 7 19
49 7 14
50 7 10
51 7 12
52 7 11
53 7 6
54 7 15
55 7 13
56 7 7
57 7 4
58 7 5
59 7 3
60 7 7
61 7 2
62 7 4
63 7 3
64 7 3
65 7 2
66 7 3
67 7 5
68 7 4
69 7 3
70 7 1
71 7 1
72 7 2
73 7 2
74 7 2
75 7 2
76 7 1
77 7 1
78 7 3
79 7 1
81 7 1
82 7 2
83 7 1
85 7 1
90 7 1
94 7 1
95 7 1
97 7 1
6 6 1368
7 6 2172
8 6 2370
9 6 2299
10 6 2236
11 6 2022
12 6 1783
13 6 1628
14 6 1385
15 6 1216
16 6 1018
17 6 919
18 6 787
19 6 674
20 6 1528
21 6 1175
22 6 812
23 6 679
24 6 487
25 6 352
26 6 243
27 6 190
28 6 147
29 6 109
30 6 108
31 6 68
32 6 63
33 6 41
34 6 35
35 6 29
36 6 25
37 6 17
38 6 24
39 6 13
40 6 13
41 6 9
42 6 13
43 6 7
44 6 5
45 6 4
46 6 4
47 6 2
48 6 1
49 6 1
50 6 3
51 6 3
52 6 4
54 6 2
55 6 1
59 6 1
64 6 1
67 6 1
68 6 1
100 6 1
5 5 4551
6 5 5037
7 5 4378
8 5 3340
9 5 2777
10 5 2264
11 5 1705
12 5 1396
13 5 1124
14 5 930
15 5 692
16 5 567
17 5 475
18 5 422
19 5 354
20 5 710
21 5 466
22 5 297
23 5 198
24 5 118
25 5 92
26 5 51
27 5 33
28 5 23
29 5 21
30 5 20
31 5 4
32 5 6
33 5 7
34 5 3
35 5 2
36 5 1
37 5 2
38 5 1
42 5 1
44 5 1
45 5 1
47 5 1
4 4 11909
5 4 8441
6 4 5632
7 4 3896
8 4 2826
9 4 1916
10 4 1368
11 4 1014
12 4 740
13 4 512
14 4 390
15 4 274
16 4 240
17 4 165
18 4 101
19 4 94
20 4 210
21 4 132
22 4 68
23 4 27
24 4 17
25 4 9
26 4 8
28 4 2
29 4 5
30 4 1
32 4 1
35 4 1
3 3 24725
4 3 10199
5 3 4965
6 3 2780
7 3 1573
8 3 917
9 3 551
10 3 322
11 3 203
12 3 142
13 3 73
14 3 48
15 3 34
16 3 28
17 3 17
18 3 11
19 3 7
20 3 19
21 3 5
22 3 3
23 3 1
24 3 1
25 3 1
2 2 42419
3 2 7286
4 2 2441
5 2 972
6 2 410
7 2 212
8 2 87
9 2 52
10 2 16
11 2 12
12 2 10
13 2 4
14 2 2
19 2 1
1 1 64605
2 1 1907
3 1 309
4 1 62
5 1 17
6 1 5
7 1 2
10 1 1
